-- Catapult Ultra Synthesis: Report                                              
-- ------------------------- ---------------------------------------------------
-- Version:                  10.4b/841621 Production Release                     
-- Build Date:               Thu Oct 24 17:20:07 PDT 2019                        
                                                                                 
-- Generated by:             ctorng@caddy01                                      
-- Generated date:           Sun Sep 18 20:11:00 PDT 2022                        

Solution Settings: InputDoubleBuffer<16384,4,4>.v1
  Current state: schedule
  Project: build
  
  Design Input Files Specified
    $PROJECT_HOME/src/Conv.cpp
      $PROJECT_HOME/src/conv.h
        $MGC_HOME/shared/include/ac_int.h
        $MGC_HOME/shared/include/ac_channel.h
      $MGC_HOME/shared/include/mc_scverify.h
      $PROJECT_HOME/src/Serializer.h
      $PROJECT_HOME/src/Deserializer.h
      $PROJECT_HOME/src/InputDoubleBuffer.h
      $PROJECT_HOME/src/WeightDoubleBuffer.h
      $PROJECT_HOME/src/SystolicArray.h
        $PROJECT_HOME/src/ProcessingElement.h
          $MGC_HOME/shared/include/mc_scverify.h
        $PROJECT_HOME/src/Fifo.h
          $MGC_HOME/shared/include/mc_scverify.h
        $PROJECT_HOME/src/SystolicArrayCore.h
          $PROJECT_HOME/src/boost/preprocessor/repetition/repeat.hpp
            $PROJECT_HOME/src/boost/preprocessor/cat.hpp
            $PROJECT_HOME/src/boost/preprocessor/debug/error.hpp
              $PROJECT_HOME/src/boost/preprocessor/cat.hpp
              $PROJECT_HOME/src/boost/preprocessor/config/config.hpp
            $PROJECT_HOME/src/boost/preprocessor/detail/auto_rec.hpp
              $PROJECT_HOME/src/boost/preprocessor/config/config.hpp
              $PROJECT_HOME/src/boost/preprocessor/control/iif.hpp
                $PROJECT_HOME/src/boost/preprocessor/config/config.hpp
            $PROJECT_HOME/src/boost/preprocessor/tuple/eat.hpp
              $PROJECT_HOME/src/boost/preprocessor/config/config.hpp
          $PROJECT_HOME/src/boost/preprocessor/punctuation/comma_if.hpp
            $PROJECT_HOME/src/boost/preprocessor/config/config.hpp
            $PROJECT_HOME/src/boost/preprocessor/control/if.hpp
            $PROJECT_HOME/src/boost/preprocessor/facilities/empty.hpp
              $PROJECT_HOME/src/boost/preprocessor/config/config.hpp
            $PROJECT_HOME/src/boost/preprocessor/punctuation/comma.hpp
          $PROJECT_HOME/src/boost/preprocessor/arithmetic/inc.hpp
            $PROJECT_HOME/src/boost/preprocessor/config/config.hpp
          $PROJECT_HOME/src/boost/preprocessor/comparison/not_equal.hpp
            $PROJECT_HOME/src/boost/preprocessor/cat.hpp
            $PROJECT_HOME/src/boost/preprocessor/config/config.hpp
            $PROJECT_HOME/src/boost/preprocessor/control/iif.hpp
          $PROJECT_HOME/src/boost/preprocessor/repetition/for.hpp
            $PROJECT_HOME/src/boost/preprocessor/cat.hpp
            $PROJECT_HOME/src/boost/preprocessor/debug/error.hpp
            $PROJECT_HOME/src/boost/preprocessor/facilities/empty.hpp
            $PROJECT_HOME/src/boost/preprocessor/logical/bool.hpp
            $PROJECT_HOME/src/boost/preprocessor/detail/auto_rec.hpp
              $PROJECT_HOME/src/boost/preprocessor/config/config.hpp
            $PROJECT_HOME/src/boost/preprocessor/repetition/detail/edg/for.hpp
              $PROJECT_HOME/src/boost/preprocessor/control/if.hpp
              $PROJECT_HOME/src/boost/preprocessor/tuple/eat.hpp
          $PROJECT_HOME/src/boost/preprocessor/tuple/elem.hpp
            $PROJECT_HOME/src/boost/preprocessor/cat.hpp
            $PROJECT_HOME/src/boost/preprocessor/config/config.hpp
            $PROJECT_HOME/src/boost/preprocessor/facilities/expand.hpp
              $PROJECT_HOME/src/boost/preprocessor/config/config.hpp
            $PROJECT_HOME/src/boost/preprocessor/facilities/overload.hpp
              $PROJECT_HOME/src/boost/preprocessor/cat.hpp
              $PROJECT_HOME/src/boost/preprocessor/variadic/size.hpp
                $PROJECT_HOME/src/boost/preprocessor/cat.hpp
                $PROJECT_HOME/src/boost/preprocessor/config/config.hpp
            $PROJECT_HOME/src/boost/preprocessor/tuple/rem.hpp
              $PROJECT_HOME/src/boost/preprocessor/cat.hpp
              $PROJECT_HOME/src/boost/preprocessor/config/config.hpp
              $PROJECT_HOME/src/boost/preprocessor/facilities/expand.hpp
              $PROJECT_HOME/src/boost/preprocessor/facilities/overload.hpp
              $PROJECT_HOME/src/boost/preprocessor/tuple/detail/is_single_return.hpp
            $PROJECT_HOME/src/boost/preprocessor/variadic/elem.hpp
              $PROJECT_HOME/src/boost/preprocessor/cat.hpp
              $PROJECT_HOME/src/boost/preprocessor/config/config.hpp
          $PROJECT_HOME/src/boost/preprocessor/tuple/size.hpp
            $PROJECT_HOME/src/boost/preprocessor/cat.hpp
            $PROJECT_HOME/src/boost/preprocessor/config/config.hpp
            $PROJECT_HOME/src/boost/preprocessor/variadic/size.hpp
          $PROJECT_HOME/src/boost/preprocessor/arithmetic/dec.hpp
            $PROJECT_HOME/src/boost/preprocessor/config/config.hpp
    $PROJECT_HOME/src/ConvTb.cpp
  
  Processes/Blocks in Design
    Process                                                              Real Operation(s) count Latency Throughput Reset Length II Comments 
    -------------------------------------------------------------------- ----------------------- ------- ---------- ------------ -- --------
    /InputDoubleBuffer<16384,4,4>/InputDoubleBufferReader<16384,4,4>/run                     217      10         13            1  0        ? 
    /InputDoubleBuffer<16384,4,4>/InputDoubleBufferWriter<16384,4,4>/run                      74      11         15            1  0        ? 
    /InputDoubleBuffer<16384,4,4>/InputDoubleBuffer<16384,4,4>:run/run                         3       1          2            1  0          
    Design Total:                                                                            294      22         15            1  0          
    
  Clock Information
    Clock Signal Edge   Period Sharing Alloc (%) Uncertainty Used by Processes/Blocks                                                                                                                                                                                     
    ------------ ------ ------ ----------------- ----------- ------------------------------------------------------------------------------------------------------------------------------------------------------------------------------------------------------------
    clk          rising  5.000             20.00    0.000000 /InputDoubleBuffer<16384,4,4>/InputDoubleBufferReader<16384,4,4>/run /InputDoubleBuffer<16384,4,4>/InputDoubleBufferWriter<16384,4,4>/run /InputDoubleBuffer<16384,4,4>/InputDoubleBuffer<16384,4,4>:run/run 
    
  I/O Data Ranges
    Port               Mode DeclType DeclWidth DeclRange ActType ActWidth ActRange 
    ------------------ ---- -------- --------- --------- ------- -------- --------
    clk                IN   Unsigned         1                                     
    arst_n             IN   Unsigned         1                                     
    inputs_in:rsc.dat  IN   Unsigned         8                                     
    inputs_in:rsc.vld  IN   Unsigned         1                                     
    inputs_out:rsc.rdy IN   Unsigned         1                                     
    paramsIn:rsc.dat   IN   Unsigned       144                                     
    paramsIn:rsc.vld   IN   Unsigned         1                                     
    inputs_in:rsc.rdy  OUT  Unsigned         1                                     
    inputs_out:rsc.dat OUT  Unsigned        32                                     
    inputs_out:rsc.vld OUT  Unsigned         1                                     
    paramsIn:rsc.rdy   OUT  Unsigned         1                                     
    
  Memory Resources
    Resource Name: /InputDoubleBuffer<16384,4,4>/InputDoubleBufferWriter<16384,4,4>/run/while:current_buffer.data.value:rsc
      Memory Component: ccs_ram_sync_1R1W            Size:         4096 x 128
      External:         false                        Packing Mode: absolute
      Memory Map:
      Variable                                                                                             Indices Phys Memory Address        
      ---------------------------------------------------------------------------------------------------- ------- --------------------------
      /InputDoubleBuffer<16384,4,4>/InputDoubleBufferWriter<16384,4,4>/run/while:current_buffer.data.value   0:127 00000fff-00000000 (4095-0) 
      
    Resource Name: /InputDoubleBuffer<16384,4,4>/InputDoubleBufferWriter<16384,4,4>/paramsIn:rsc
      Memory Component: ccs_in_wait                  Size:         1 x 144
      External:         true                         Packing Mode: sidebyside
      Memory Map:
      Variable                                                                  Indices Phys Memory Address     
      ------------------------------------------------------------------------- ------- -----------------------
      /InputDoubleBuffer<16384,4,4>/InputDoubleBufferWriter<16384,4,4>/paramsIn   0:143 00000000-00000000 (0-0) 
      
    Resource Name: /InputDoubleBuffer<16384,4,4>/InputDoubleBufferWriter<16384,4,4>/din:rsc
      Memory Component: ccs_in_wait                  Size:         1 x 8
      External:         true                         Packing Mode: sidebyside
      Memory Map:
      Variable                                                             Indices Phys Memory Address     
      -------------------------------------------------------------------- ------- -----------------------
      /InputDoubleBuffer<16384,4,4>/InputDoubleBufferWriter<16384,4,4>/din     0:7 00000000-00000000 (0-0) 
      
    Resource Name: /InputDoubleBuffer<16384,4,4>/InputDoubleBufferWriter<16384,4,4>/dout:rsc
      Memory Component: ccs_ram_sync_1R1W            Size:         4096 x 128
      External:         true                         Packing Mode: absolute
      Memory Map:
      Variable                                                              Indices Phys Memory Address        
      --------------------------------------------------------------------- ------- --------------------------
      /InputDoubleBuffer<16384,4,4>/InputDoubleBufferWriter<16384,4,4>/dout   0:127 00000fff-00000000 (4095-0) 
      
    Resource Name: /InputDoubleBuffer<16384,4,4>/InputDoubleBufferReader<16384,4,4>/run/while:current_buffer.data.value:rsc
      Memory Component: ccs_ram_sync_1R1W            Size:         4096 x 128
      External:         false                        Packing Mode: absolute
      Memory Map:
      Variable                                                                                             Indices Phys Memory Address        
      ---------------------------------------------------------------------------------------------------- ------- --------------------------
      /InputDoubleBuffer<16384,4,4>/InputDoubleBufferReader<16384,4,4>/run/while:current_buffer.data.value   0:127 00000fff-00000000 (4095-0) 
      
    Resource Name: /InputDoubleBuffer<16384,4,4>/InputDoubleBufferReader<16384,4,4>/paramsIn:rsc
      Memory Component: ccs_in_wait                  Size:         1 x 144
      External:         true                         Packing Mode: sidebyside
      Memory Map:
      Variable                                                                  Indices Phys Memory Address     
      ------------------------------------------------------------------------- ------- -----------------------
      /InputDoubleBuffer<16384,4,4>/InputDoubleBufferReader<16384,4,4>/paramsIn   0:143 00000000-00000000 (0-0) 
      
    Resource Name: /InputDoubleBuffer<16384,4,4>/InputDoubleBufferReader<16384,4,4>/din:rsc
      Memory Component: ccs_ram_sync_1R1W            Size:         4096 x 128
      External:         true                         Packing Mode: absolute
      Memory Map:
      Variable                                                             Indices Phys Memory Address        
      -------------------------------------------------------------------- ------- --------------------------
      /InputDoubleBuffer<16384,4,4>/InputDoubleBufferReader<16384,4,4>/din   0:127 00000fff-00000000 (4095-0) 
      
    Resource Name: /InputDoubleBuffer<16384,4,4>/InputDoubleBufferReader<16384,4,4>/dout:rsc
      Memory Component: ccs_out_wait                 Size:         1 x 32
      External:         true                         Packing Mode: sidebyside
      Memory Map:
      Variable                                                              Indices Phys Memory Address     
      --------------------------------------------------------------------- ------- -----------------------
      /InputDoubleBuffer<16384,4,4>/InputDoubleBufferReader<16384,4,4>/dout    0:31 00000000-00000000 (0-0) 
      
    Resource Name: /InputDoubleBuffer<16384,4,4>/InputDoubleBuffer<16384,4,4>:run/paramsIn:rsc
      Memory Component: ccs_in_wait                  Size:         1 x 144
      External:         true                         Packing Mode: sidebyside
      Memory Map:
      Variable                                                                Indices Phys Memory Address     
      ----------------------------------------------------------------------- ------- -----------------------
      /InputDoubleBuffer<16384,4,4>/InputDoubleBuffer<16384,4,4>:run/paramsIn   0:143 00000000-00000000 (0-0) 
      
    Resource Name: /InputDoubleBuffer<16384,4,4>/InputDoubleBuffer<16384,4,4>:run/inputDoubleBufferWriterParams:cns
      Memory Component: ccs_out_wait                 Size:         1 x 144
      External:         true                         Packing Mode: sidebyside
      Memory Map:
      Variable                                                                                     Indices Phys Memory Address     
      -------------------------------------------------------------------------------------------- ------- -----------------------
      /InputDoubleBuffer<16384,4,4>/InputDoubleBuffer<16384,4,4>:run/inputDoubleBufferWriterParams   0:143 00000000-00000000 (0-0) 
      
    Resource Name: /InputDoubleBuffer<16384,4,4>/InputDoubleBuffer<16384,4,4>:run/inputDoubleBufferReaderParams:cns
      Memory Component: ccs_out_wait                 Size:         1 x 144
      External:         true                         Packing Mode: sidebyside
      Memory Map:
      Variable                                                                                     Indices Phys Memory Address     
      -------------------------------------------------------------------------------------------- ------- -----------------------
      /InputDoubleBuffer<16384,4,4>/InputDoubleBuffer<16384,4,4>:run/inputDoubleBufferReaderParams   0:143 00000000-00000000 (0-0) 
      
    Resource Name: /InputDoubleBuffer<16384,4,4>/inputs_in:rsc
      Memory Component: ccs_in_wait                  Size:         1 x 8
      External:         true                         Packing Mode: sidebyside
      Memory Map:
      Variable                                Indices Phys Memory Address     
      --------------------------------------- ------- -----------------------
      /InputDoubleBuffer<16384,4,4>/inputs_in     0:7 00000000-00000000 (0-0) 
      
    Resource Name: /InputDoubleBuffer<16384,4,4>/inputs_out:rsc
      Memory Component: ccs_out_wait                 Size:         1 x 32
      External:         true                         Packing Mode: sidebyside
      Memory Map:
      Variable                                 Indices Phys Memory Address     
      ---------------------------------------- ------- -----------------------
      /InputDoubleBuffer<16384,4,4>/inputs_out    0:31 00000000-00000000 (0-0) 
      
    Resource Name: /InputDoubleBuffer<16384,4,4>/paramsIn:rsc
      Memory Component: ccs_in_wait                  Size:         1 x 144
      External:         true                         Packing Mode: sidebyside
      Memory Map:
      Variable                               Indices Phys Memory Address     
      -------------------------------------- ------- -----------------------
      /InputDoubleBuffer<16384,4,4>/paramsIn   0:143 00000000-00000000 (0-0) 
      
    Resource Name: /InputDoubleBuffer<16384,4,4>/mem:cns
      Memory Component: ccs_ram_sync_1R1W            Size:         4096 x 128
      External:         false                        Packing Mode: absolute
      Memory Map:
      Variable                          Indices Phys Memory Address        
      --------------------------------- ------- --------------------------
      /InputDoubleBuffer<16384,4,4>/mem   0:127 00000fff-00000000 (4095-0) 
      
    Resource Name: /InputDoubleBuffer<16384,4,4>/inputDoubleBufferWriterParams:cns
      Memory Component: ccs_pipe                     Size:         1 x 144
      External:         false                        Packing Mode: sidebyside
      Memory Map:
      Variable                                                    Indices Phys Memory Address     
      ----------------------------------------------------------- ------- -----------------------
      /InputDoubleBuffer<16384,4,4>/inputDoubleBufferWriterParams   0:143 00000000-00000000 (0-0) 
      
    Resource Name: /InputDoubleBuffer<16384,4,4>/inputDoubleBufferReaderParams:cns
      Memory Component: ccs_pipe                     Size:         1 x 144
      External:         false                        Packing Mode: sidebyside
      Memory Map:
      Variable                                                    Indices Phys Memory Address     
      ----------------------------------------------------------- ------- -----------------------
      /InputDoubleBuffer<16384,4,4>/inputDoubleBufferReaderParams   0:143 00000000-00000000 (0-0) 
      
  C++ to Interface Mappings
    C++ Field                                              Interface Range           Range Expression                    Expression Limits 
    ------------------------------------------------------ ------------------------- ----------------------------------- -----------------
    /InputDoubleBuffer<16384,4,4>/inputs_out.chan.value[M] inputs_out_rsc_dat[31:0]  inputs_out_rsc_dat[(M)*8+8-1:(M)*8] M<4               
    /InputDoubleBuffer<16384,4,4>/paramsIn.OY1             paramsIn_rsc_dat[15:0]                                                          
    /InputDoubleBuffer<16384,4,4>/paramsIn.OX1             paramsIn_rsc_dat[31:16]                                                         
    /InputDoubleBuffer<16384,4,4>/paramsIn.OY0             paramsIn_rsc_dat[47:32]                                                         
    /InputDoubleBuffer<16384,4,4>/paramsIn.OX0             paramsIn_rsc_dat[63:48]                                                         
    /InputDoubleBuffer<16384,4,4>/paramsIn.OC1             paramsIn_rsc_dat[79:64]                                                         
    /InputDoubleBuffer<16384,4,4>/paramsIn.IC1             paramsIn_rsc_dat[95:80]                                                         
    /InputDoubleBuffer<16384,4,4>/paramsIn.FX              paramsIn_rsc_dat[111:96]                                                        
    /InputDoubleBuffer<16384,4,4>/paramsIn.FY              paramsIn_rsc_dat[127:112]                                                       
    /InputDoubleBuffer<16384,4,4>/paramsIn.STRIDE          paramsIn_rsc_dat[143:128]                                                       
    
  Multi-Cycle (Combinational) Component Usage
    Instance Component Name Delay 
    -------- -------------- -----
    
  Loops
    Process                                                              Loop                     Iterations C-Steps Total Cycles  Duration  Unroll Init Comments 
    -------------------------------------------------------------------- ------------------------ ---------- ------- ------------- --------- ------ ---- --------
    /InputDoubleBuffer<16384,4,4>/InputDoubleBufferReader<16384,4,4>/run run:rlp                    Infinite       1         14 ?  70.00 ns                       
    /InputDoubleBuffer<16384,4,4>/InputDoubleBufferReader<16384,4,4>/run  main                      Infinite       3         13 ?  65.00 ns                       
    /InputDoubleBuffer<16384,4,4>/InputDoubleBufferReader<16384,4,4>/run   while                           ?       2         10 ?  50.00 ns                       
    /InputDoubleBuffer<16384,4,4>/InputDoubleBufferReader<16384,4,4>/run    while:while                    ?       3          8 ?  40.00 ns                       
    /InputDoubleBuffer<16384,4,4>/InputDoubleBufferReader<16384,4,4>/run     while:while:for               ?       5          5 ?  25.00 ns            1          
    /InputDoubleBuffer<16384,4,4>/InputDoubleBufferWriter<16384,4,4>/run run:rlp                    Infinite       1         16 ?  80.00 ns                       
    /InputDoubleBuffer<16384,4,4>/InputDoubleBufferWriter<16384,4,4>/run  main                      Infinite       3         15 ?  75.00 ns                       
    /InputDoubleBuffer<16384,4,4>/InputDoubleBufferWriter<16384,4,4>/run   while                           ?       2         12 ?  60.00 ns                       
    /InputDoubleBuffer<16384,4,4>/InputDoubleBufferWriter<16384,4,4>/run    while:while                    ?       3         10 ?  50.00 ns                       
    /InputDoubleBuffer<16384,4,4>/InputDoubleBufferWriter<16384,4,4>/run     while:while:for               ?       3          7 ?  35.00 ns                       
    /InputDoubleBuffer<16384,4,4>/InputDoubleBufferWriter<16384,4,4>/run      while:while:for:for          4       1            4  20.00 ns            1          
    /InputDoubleBuffer<16384,4,4>/InputDoubleBuffer<16384,4,4>:run/run   run:rlp                    Infinite       1            3  15.00 ns                       
    /InputDoubleBuffer<16384,4,4>/InputDoubleBuffer<16384,4,4>:run/run    main                      Infinite       2            2  10.00 ns                       
    
  Loop Execution Profile
    Process                                                              Loop                     Total Cycles % of Overall Design Cycles Throughput Cycles Comments 
    -------------------------------------------------------------------- ------------------------ ------------ -------------------------- ----------------- --------
    /InputDoubleBuffer<16384,4,4>/InputDoubleBufferReader<16384,4,4>/run run:rlp                          1 ?                        7.14             13 ?           
    /InputDoubleBuffer<16384,4,4>/InputDoubleBufferReader<16384,4,4>/run  main                            3 ?                       21.43             13 ?           
    /InputDoubleBuffer<16384,4,4>/InputDoubleBufferReader<16384,4,4>/run   while                          2 ?                       14.29             10 ?           
    /InputDoubleBuffer<16384,4,4>/InputDoubleBufferReader<16384,4,4>/run    while:while                   3 ?                       21.43              8 ?           
    /InputDoubleBuffer<16384,4,4>/InputDoubleBufferReader<16384,4,4>/run     while:while:for              5 ?                       35.71              1 ?           
    /InputDoubleBuffer<16384,4,4>/InputDoubleBufferWriter<16384,4,4>/run run:rlp                          1 ?                        6.25             15 ?           
    /InputDoubleBuffer<16384,4,4>/InputDoubleBufferWriter<16384,4,4>/run  main                            3 ?                       18.75             15 ?           
    /InputDoubleBuffer<16384,4,4>/InputDoubleBufferWriter<16384,4,4>/run   while                          2 ?                       12.50             12 ?           
    /InputDoubleBuffer<16384,4,4>/InputDoubleBufferWriter<16384,4,4>/run    while:while                   3 ?                       18.75             10 ?           
    /InputDoubleBuffer<16384,4,4>/InputDoubleBufferWriter<16384,4,4>/run     while:while:for              3 ?                       18.75              7 ?           
    /InputDoubleBuffer<16384,4,4>/InputDoubleBufferWriter<16384,4,4>/run      while:while:for:for           4                       25.00                1           
    /InputDoubleBuffer<16384,4,4>/InputDoubleBuffer<16384,4,4>:run/run   run:rlp                            1                       33.33                2           
    /InputDoubleBuffer<16384,4,4>/InputDoubleBuffer<16384,4,4>:run/run    main                              2                       66.67                2           
    
  End of Report
