-- Catapult Ultra Synthesis: Report                                              
-- ------------------------- ---------------------------------------------------
-- Version:                  10.4b/841621 Production Release                     
-- Build Date:               Thu Oct 24 17:20:07 PDT 2019                        
                                                                                 
-- Generated by:             ctorng@caddy01                                      
-- Generated date:           Sun Sep 25 20:20:49 PDT 2022                        

Solution Settings: ProcessingElement<IDTYPE,WDTYPE,ODTYPE>.v1
  Current state: extract
  Project: build
  
  Design Input Files Specified
    $PROJECT_HOME/src/Conv.cpp
      $PROJECT_HOME/src/conv.h
        $MGC_HOME/shared/include/ac_int.h
        $MGC_HOME/shared/include/ac_channel.h
      $MGC_HOME/shared/include/mc_scverify.h
      $PROJECT_HOME/src/Serializer.h
      $PROJECT_HOME/src/Deserializer.h
      $PROJECT_HOME/src/InputDoubleBuffer.h
      $PROJECT_HOME/src/WeightDoubleBuffer.h
      $PROJECT_HOME/src/SystolicArray.h
        $PROJECT_HOME/src/ProcessingElement.h
          $MGC_HOME/shared/include/mc_scverify.h
        $PROJECT_HOME/src/Fifo.h
          $MGC_HOME/shared/include/mc_scverify.h
        $PROJECT_HOME/src/SystolicArrayCore.h
          $PROJECT_HOME/src/boost/preprocessor/repetition/repeat.hpp
            $PROJECT_HOME/src/boost/preprocessor/cat.hpp
            $PROJECT_HOME/src/boost/preprocessor/debug/error.hpp
              $PROJECT_HOME/src/boost/preprocessor/cat.hpp
              $PROJECT_HOME/src/boost/preprocessor/config/config.hpp
            $PROJECT_HOME/src/boost/preprocessor/detail/auto_rec.hpp
              $PROJECT_HOME/src/boost/preprocessor/config/config.hpp
              $PROJECT_HOME/src/boost/preprocessor/control/iif.hpp
                $PROJECT_HOME/src/boost/preprocessor/config/config.hpp
            $PROJECT_HOME/src/boost/preprocessor/tuple/eat.hpp
              $PROJECT_HOME/src/boost/preprocessor/config/config.hpp
          $PROJECT_HOME/src/boost/preprocessor/punctuation/comma_if.hpp
            $PROJECT_HOME/src/boost/preprocessor/config/config.hpp
            $PROJECT_HOME/src/boost/preprocessor/control/if.hpp
            $PROJECT_HOME/src/boost/preprocessor/facilities/empty.hpp
              $PROJECT_HOME/src/boost/preprocessor/config/config.hpp
            $PROJECT_HOME/src/boost/preprocessor/punctuation/comma.hpp
          $PROJECT_HOME/src/boost/preprocessor/arithmetic/inc.hpp
            $PROJECT_HOME/src/boost/preprocessor/config/config.hpp
          $PROJECT_HOME/src/boost/preprocessor/comparison/not_equal.hpp
            $PROJECT_HOME/src/boost/preprocessor/cat.hpp
            $PROJECT_HOME/src/boost/preprocessor/config/config.hpp
            $PROJECT_HOME/src/boost/preprocessor/control/iif.hpp
          $PROJECT_HOME/src/boost/preprocessor/repetition/for.hpp
            $PROJECT_HOME/src/boost/preprocessor/cat.hpp
            $PROJECT_HOME/src/boost/preprocessor/debug/error.hpp
            $PROJECT_HOME/src/boost/preprocessor/facilities/empty.hpp
            $PROJECT_HOME/src/boost/preprocessor/logical/bool.hpp
            $PROJECT_HOME/src/boost/preprocessor/detail/auto_rec.hpp
              $PROJECT_HOME/src/boost/preprocessor/config/config.hpp
            $PROJECT_HOME/src/boost/preprocessor/repetition/detail/edg/for.hpp
              $PROJECT_HOME/src/boost/preprocessor/control/if.hpp
              $PROJECT_HOME/src/boost/preprocessor/tuple/eat.hpp
          $PROJECT_HOME/src/boost/preprocessor/tuple/elem.hpp
            $PROJECT_HOME/src/boost/preprocessor/cat.hpp
            $PROJECT_HOME/src/boost/preprocessor/config/config.hpp
            $PROJECT_HOME/src/boost/preprocessor/facilities/expand.hpp
              $PROJECT_HOME/src/boost/preprocessor/config/config.hpp
            $PROJECT_HOME/src/boost/preprocessor/facilities/overload.hpp
              $PROJECT_HOME/src/boost/preprocessor/cat.hpp
              $PROJECT_HOME/src/boost/preprocessor/variadic/size.hpp
                $PROJECT_HOME/src/boost/preprocessor/cat.hpp
                $PROJECT_HOME/src/boost/preprocessor/config/config.hpp
            $PROJECT_HOME/src/boost/preprocessor/tuple/rem.hpp
              $PROJECT_HOME/src/boost/preprocessor/cat.hpp
              $PROJECT_HOME/src/boost/preprocessor/config/config.hpp
              $PROJECT_HOME/src/boost/preprocessor/facilities/expand.hpp
              $PROJECT_HOME/src/boost/preprocessor/facilities/overload.hpp
              $PROJECT_HOME/src/boost/preprocessor/tuple/detail/is_single_return.hpp
            $PROJECT_HOME/src/boost/preprocessor/variadic/elem.hpp
              $PROJECT_HOME/src/boost/preprocessor/cat.hpp
              $PROJECT_HOME/src/boost/preprocessor/config/config.hpp
          $PROJECT_HOME/src/boost/preprocessor/tuple/size.hpp
            $PROJECT_HOME/src/boost/preprocessor/cat.hpp
            $PROJECT_HOME/src/boost/preprocessor/config/config.hpp
            $PROJECT_HOME/src/boost/preprocessor/variadic/size.hpp
          $PROJECT_HOME/src/boost/preprocessor/arithmetic/dec.hpp
            $PROJECT_HOME/src/boost/preprocessor/config/config.hpp
    $PROJECT_HOME/src/ConvTb.cpp
  
  Processes/Blocks in Design
    Process                                      Real Operation(s) count Latency Throughput Reset Length II Comments 
    -------------------------------------------- ----------------------- ------- ---------- ------------ -- --------
    /ProcessingElement<IDTYPE,WDTYPE,ODTYPE>/run                       8       1          1            0  0          
    Design Total:                                                      8       1          1            0  1          
    
  Bill Of Materials (Datapath)
    Component Name                 Area Score Delay Post Alloc Post Assign 
    ------------------------------ ---------- ----- ---------- -----------
    [Lib: ccs_ioport]                                                      
    ccs_in(1,8)                         0.000 0.000          1           1 
    ccs_in(2,16)                        0.000 0.000          1           1 
    ccs_in(3,8)                         0.000 0.000          1           1 
    ccs_in(6,1)                         0.000 0.000          1           0 
    [Lib: mgc_ioport]                                                      
    mgc_out_dreg(4,8)                   0.000 0.000          1           1 
    mgc_out_dreg(5,16)                  0.000 0.000          1           1 
    [Lib: nangate-45nm_beh]                                                
    mgc_add(16,0,16,0,16,4)            68.120 1.183          1           1 
    mgc_mul(8,1,8,1,16,4)             289.686 1.085          1           1 
    mgc_reg_pos(16,1,0,0,0,1,1,1)      85.331 0.101          0           1 
    mgc_reg_pos(8,1,0,0,0,1,1,1)       42.665 0.101          0           1 
                                                                           
    TOTAL AREA (After Assignment):    485.802                              
    
  Area Scores
                      Post-Scheduling  Post-DP & FSM Post-Assignment 
    ----------------- --------------- -------------- ---------------
    Total Area Score:    485.8          485.8           485.8        
    Total Reg:           128.0  (26%)   128.0  (26%)    128.0  (26%) 
                                                                     
    DataPath:            485.8 (100%)   485.8 (100%)    485.8 (100%) 
      MUX:                 0.0            0.0             0.0        
      FUNC:              357.8  (74%)   357.8  (74%)    357.8  (74%) 
      LOGIC:               0.0            0.0             0.0        
      BUFFER:              0.0            0.0             0.0        
      MEM:                 0.0            0.0             0.0        
      ROM:                 0.0            0.0             0.0        
      REG:               128.0  (26%)   128.0  (26%)    128.0  (26%) 
                                                                     
    
    FSM:                   0.0            0.0             0.0        
      FSM-REG:             0.0            0.0             0.0        
      FSM-COMB:            0.0            0.0             0.0        
                                                                     
    
  Register-to-Variable Mappings
    Register         Size(bits) Gated Register CG Opt Done Variables                                             
    ---------------- ---------- -------------- ----------- -----------------------------------------------------
    psum_out:rsci.d          16         Y                  psum_out:rsci.d                                       
    input_out:rsci.d          8         Y                  input_out:rsci.d                                      
                                                                                                                 
    Total:                   24             24           0 (Total Gating Ratio: 1.00, CG Opt Gating Ratio: 0.00) 
    
  Timing Report
    Critical Path
      Max Delay:  2.2678320000000003
      Slack:      2.7321679999999997
      
      Path                                                                               Startpoint                                                        Endpoint                                                         Delay  Slack  
      ---------------------------------------------------------------------------------- ----------------------------------------------------------------- ---------------------------------------------------------------- ------ ------
      1                                                                                  ProcessingElement<IDTYPE,WDTYPE,ODTYPE>:run/input_in:rsc.dat      ProcessingElement<IDTYPE,WDTYPE,ODTYPE>:run/reg(psum_out:rsci.d) 2.2678 2.7322 
                                                                                                                                                                                                                                          
        Instance                                                                         Component                                                                                                                          Delta  Delay  
        --------                                                                         ---------                                                                                                                          -----  -----  
        ProcessingElement<IDTYPE,WDTYPE,ODTYPE>:run/input_in:rsc.dat                                                                                                                                                        0.0000 0.0000 
        ProcessingElement<IDTYPE,WDTYPE,ODTYPE>:run/input_in:rsci                        ccs_in_v1_1_8                                                                                                                      0.0000 0.0000 
        ProcessingElement<IDTYPE,WDTYPE,ODTYPE>:run/input_in:rsci.idat                                                                                                                                                      0.0000 0.0000 
        ProcessingElement<IDTYPE,WDTYPE,ODTYPE>:run/input_in:asn(input_in.buf.sva#1)                                                                                                                                        0.0000 0.0000 
        ProcessingElement<IDTYPE,WDTYPE,ODTYPE>:run/input_in:asn(input_in.buf.sva#1).itm                                                                                                                                    0.0000 0.0000 
        ProcessingElement<IDTYPE,WDTYPE,ODTYPE>:run/mul                                  mgc_mul_8_1_8_1_16_4                                                                                                               1.0852 1.0852 
        ProcessingElement<IDTYPE,WDTYPE,ODTYPE>:run/mul.itm                                                                                                                                                                 0.0000 1.0852 
        ProcessingElement<IDTYPE,WDTYPE,ODTYPE>:run/acc                                  mgc_addc_16_0_16_0_16_4                                                                                                            1.1826 2.2678 
        ProcessingElement<IDTYPE,WDTYPE,ODTYPE>:run/acc.itm                                                                                                                                                                 0.0000 2.2678 
        ProcessingElement<IDTYPE,WDTYPE,ODTYPE>:run/reg(psum_out:rsci.d)                 mgc_reg_pos_16_1_0_0_0_1_1_1                                                                                                       0.0000 2.2678 
                                                                                                                                                                                                                                          
      2                                                                                  ProcessingElement<IDTYPE,WDTYPE,ODTYPE>:run/weight:rsc.dat        ProcessingElement<IDTYPE,WDTYPE,ODTYPE>:run/reg(psum_out:rsci.d) 2.2678 2.7322 
                                                                                                                                                                                                                                          
        Instance                                                                         Component                                                                                                                          Delta  Delay  
        --------                                                                         ---------                                                                                                                          -----  -----  
        ProcessingElement<IDTYPE,WDTYPE,ODTYPE>:run/weight:rsc.dat                                                                                                                                                          0.0000 0.0000 
        ProcessingElement<IDTYPE,WDTYPE,ODTYPE>:run/weight:rsci                          ccs_in_v1_3_8                                                                                                                      0.0000 0.0000 
        ProcessingElement<IDTYPE,WDTYPE,ODTYPE>:run/weight:rsci.idat                                                                                                                                                        0.0000 0.0000 
        ProcessingElement<IDTYPE,WDTYPE,ODTYPE>:run/weight:asn(weight.buf.sva#1)                                                                                                                                            0.0000 0.0000 
        ProcessingElement<IDTYPE,WDTYPE,ODTYPE>:run/weight:asn(weight.buf.sva#1).itm                                                                                                                                        0.0000 0.0000 
        ProcessingElement<IDTYPE,WDTYPE,ODTYPE>:run/mul                                  mgc_mul_8_1_8_1_16_4                                                                                                               1.0852 1.0852 
        ProcessingElement<IDTYPE,WDTYPE,ODTYPE>:run/mul.itm                                                                                                                                                                 0.0000 1.0852 
        ProcessingElement<IDTYPE,WDTYPE,ODTYPE>:run/acc                                  mgc_addc_16_0_16_0_16_4                                                                                                            1.1826 2.2678 
        ProcessingElement<IDTYPE,WDTYPE,ODTYPE>:run/acc.itm                                                                                                                                                                 0.0000 2.2678 
        ProcessingElement<IDTYPE,WDTYPE,ODTYPE>:run/reg(psum_out:rsci.d)                 mgc_reg_pos_16_1_0_0_0_1_1_1                                                                                                       0.0000 2.2678 
                                                                                                                                                                                                                                          
      3                                                                                  ProcessingElement<IDTYPE,WDTYPE,ODTYPE>:run/psum_in:rsc.dat       ProcessingElement<IDTYPE,WDTYPE,ODTYPE>:run/reg(psum_out:rsci.d) 1.1826 3.8174 
                                                                                                                                                                                                                                          
        Instance                                                                         Component                                                                                                                          Delta  Delay  
        --------                                                                         ---------                                                                                                                          -----  -----  
        ProcessingElement<IDTYPE,WDTYPE,ODTYPE>:run/psum_in:rsc.dat                                                                                                                                                         0.0000 0.0000 
        ProcessingElement<IDTYPE,WDTYPE,ODTYPE>:run/psum_in:rsci                         ccs_in_v1_2_16                                                                                                                     0.0000 0.0000 
        ProcessingElement<IDTYPE,WDTYPE,ODTYPE>:run/psum_in:rsci.idat                                                                                                                                                       0.0000 0.0000 
        ProcessingElement<IDTYPE,WDTYPE,ODTYPE>:run/acc                                  mgc_addc_16_0_16_0_16_4                                                                                                            1.1826 1.1826 
        ProcessingElement<IDTYPE,WDTYPE,ODTYPE>:run/acc.itm                                                                                                                                                                 0.0000 1.1826 
        ProcessingElement<IDTYPE,WDTYPE,ODTYPE>:run/reg(psum_out:rsci.d)                 mgc_reg_pos_16_1_0_0_0_1_1_1                                                                                                       0.0000 1.1826 
                                                                                                                                                                                                                                          
      4                                                                                  ProcessingElement<IDTYPE,WDTYPE,ODTYPE>:run/reg(input_out:rsci.d) ProcessingElement<IDTYPE,WDTYPE,ODTYPE>/input_out:rsc.z          0.1010 4.8990 
                                                                                                                                                                                                                                          
        Instance                                                                         Component                                                                                                                          Delta  Delay  
        --------                                                                         ---------                                                                                                                          -----  -----  
        ProcessingElement<IDTYPE,WDTYPE,ODTYPE>:run/reg(input_out:rsci.d)                mgc_reg_pos_8_1_0_0_0_1_1_1                                                                                                        0.1010 0.1010 
        ProcessingElement<IDTYPE,WDTYPE,ODTYPE>:run/input_out:rsci.d                                                                                                                                                        0.0000 0.1010 
        ProcessingElement<IDTYPE,WDTYPE,ODTYPE>:run/input_out:rsci                       mgc_out_dreg_v2_4_8                                                                                                                0.0000 0.1010 
        ProcessingElement<IDTYPE,WDTYPE,ODTYPE>:run/input_out:rsc.z                                                                                                                                                         0.0000 0.1010 
        ProcessingElement<IDTYPE,WDTYPE,ODTYPE>/input_out:rsc.z                                                                                                                                                             0.0000 0.1010 
                                                                                                                                                                                                                                          
      5                                                                                  ProcessingElement<IDTYPE,WDTYPE,ODTYPE>:run/reg(psum_out:rsci.d)  ProcessingElement<IDTYPE,WDTYPE,ODTYPE>/psum_out:rsc.z           0.1010 4.8990 
                                                                                                                                                                                                                                          
        Instance                                                                         Component                                                                                                                          Delta  Delay  
        --------                                                                         ---------                                                                                                                          -----  -----  
        ProcessingElement<IDTYPE,WDTYPE,ODTYPE>:run/reg(psum_out:rsci.d)                 mgc_reg_pos_16_1_0_0_0_1_1_1                                                                                                       0.1010 0.1010 
        ProcessingElement<IDTYPE,WDTYPE,ODTYPE>:run/psum_out:rsci.d                                                                                                                                                         0.0000 0.1010 
        ProcessingElement<IDTYPE,WDTYPE,ODTYPE>:run/psum_out:rsci                        mgc_out_dreg_v2_5_16                                                                                                               0.0000 0.1010 
        ProcessingElement<IDTYPE,WDTYPE,ODTYPE>:run/psum_out:rsc.z                                                                                                                                                          0.0000 0.1010 
        ProcessingElement<IDTYPE,WDTYPE,ODTYPE>/psum_out:rsc.z                                                                                                                                                              0.0000 0.1010 
                                                                                                                                                                                                                                          
      
    Register Input and Register-to-Output Slack
      Clock period or pin-to-reg delay constraint (clk): 5.0
      Clock uncertainty constraint (clk)               : 0.0
      
      Instance                                                          Port                Slack (Delay) Messages 
      ----------------------------------------------------------------- ------------------ ------ ------- --------
      ProcessingElement<IDTYPE,WDTYPE,ODTYPE>:run/reg(psum_out:rsci.d)  acc.itm            2.7322  2.2678          
      ProcessingElement<IDTYPE,WDTYPE,ODTYPE>:run/reg(input_out:rsci.d) input_in:rsci.idat 2.7322  2.2678          
      ProcessingElement<IDTYPE,WDTYPE,ODTYPE>                           input_out:rsc.z    4.8990  0.1010          
      ProcessingElement<IDTYPE,WDTYPE,ODTYPE>                           psum_out:rsc.z     4.8990  0.1010          
      
  Operator Bitwidth Summary
    Operation  Size (bits) Count 
    ---------- ----------- -----
    add                          
    -                   16     1 
    mul                          
    -                   16     1 
    read_port                    
    -                    8     2 
    -                   16     1 
    reg                          
    -                    8     1 
    -                   16     1 
    write_port                   
    -                    0     2 
    
  End of Report
