-- Catapult Ultra Synthesis: Report                                              
-- ------------------------- ---------------------------------------------------
-- Version:                  10.4b/841621 Production Release                     
-- Build Date:               Thu Oct 24 17:20:07 PDT 2019                        
                                                                                 
-- Generated by:             ctorng@caddy01                                      
-- Generated date:           Sat Oct 01 16:50:57 PDT 2022                        

Solution Settings: Conv.v1
  Current state: schedule
  Project: build
  
  Design Input Files Specified
    $PROJECT_HOME/src/Conv.cpp
      $PROJECT_HOME/src/conv.h
        $MGC_HOME/shared/include/ac_int.h
        $MGC_HOME/shared/include/ac_channel.h
      $MGC_HOME/shared/include/mc_scverify.h
      $PROJECT_HOME/src/Serializer.h
      $PROJECT_HOME/src/Deserializer.h
      $PROJECT_HOME/src/InputDoubleBuffer.h
      $PROJECT_HOME/src/WeightDoubleBuffer.h
      $PROJECT_HOME/src/SystolicArray.h
        $PROJECT_HOME/src/ProcessingElement.h
          $MGC_HOME/shared/include/mc_scverify.h
        $PROJECT_HOME/src/Fifo.h
          $MGC_HOME/shared/include/mc_scverify.h
        $PROJECT_HOME/src/SystolicArrayCore.h
          $PROJECT_HOME/src/boost/preprocessor/repetition/repeat.hpp
            $PROJECT_HOME/src/boost/preprocessor/cat.hpp
            $PROJECT_HOME/src/boost/preprocessor/debug/error.hpp
              $PROJECT_HOME/src/boost/preprocessor/cat.hpp
              $PROJECT_HOME/src/boost/preprocessor/config/config.hpp
            $PROJECT_HOME/src/boost/preprocessor/detail/auto_rec.hpp
              $PROJECT_HOME/src/boost/preprocessor/config/config.hpp
              $PROJECT_HOME/src/boost/preprocessor/control/iif.hpp
                $PROJECT_HOME/src/boost/preprocessor/config/config.hpp
            $PROJECT_HOME/src/boost/preprocessor/tuple/eat.hpp
              $PROJECT_HOME/src/boost/preprocessor/config/config.hpp
          $PROJECT_HOME/src/boost/preprocessor/punctuation/comma_if.hpp
            $PROJECT_HOME/src/boost/preprocessor/config/config.hpp
            $PROJECT_HOME/src/boost/preprocessor/control/if.hpp
            $PROJECT_HOME/src/boost/preprocessor/facilities/empty.hpp
              $PROJECT_HOME/src/boost/preprocessor/config/config.hpp
            $PROJECT_HOME/src/boost/preprocessor/punctuation/comma.hpp
          $PROJECT_HOME/src/boost/preprocessor/arithmetic/inc.hpp
            $PROJECT_HOME/src/boost/preprocessor/config/config.hpp
          $PROJECT_HOME/src/boost/preprocessor/comparison/not_equal.hpp
            $PROJECT_HOME/src/boost/preprocessor/cat.hpp
            $PROJECT_HOME/src/boost/preprocessor/config/config.hpp
            $PROJECT_HOME/src/boost/preprocessor/control/iif.hpp
          $PROJECT_HOME/src/boost/preprocessor/repetition/for.hpp
            $PROJECT_HOME/src/boost/preprocessor/cat.hpp
            $PROJECT_HOME/src/boost/preprocessor/debug/error.hpp
            $PROJECT_HOME/src/boost/preprocessor/facilities/empty.hpp
            $PROJECT_HOME/src/boost/preprocessor/logical/bool.hpp
            $PROJECT_HOME/src/boost/preprocessor/detail/auto_rec.hpp
              $PROJECT_HOME/src/boost/preprocessor/config/config.hpp
            $PROJECT_HOME/src/boost/preprocessor/repetition/detail/edg/for.hpp
              $PROJECT_HOME/src/boost/preprocessor/control/if.hpp
              $PROJECT_HOME/src/boost/preprocessor/tuple/eat.hpp
          $PROJECT_HOME/src/boost/preprocessor/tuple/elem.hpp
            $PROJECT_HOME/src/boost/preprocessor/cat.hpp
            $PROJECT_HOME/src/boost/preprocessor/config/config.hpp
            $PROJECT_HOME/src/boost/preprocessor/facilities/expand.hpp
              $PROJECT_HOME/src/boost/preprocessor/config/config.hpp
            $PROJECT_HOME/src/boost/preprocessor/facilities/overload.hpp
              $PROJECT_HOME/src/boost/preprocessor/cat.hpp
              $PROJECT_HOME/src/boost/preprocessor/variadic/size.hpp
                $PROJECT_HOME/src/boost/preprocessor/cat.hpp
                $PROJECT_HOME/src/boost/preprocessor/config/config.hpp
            $PROJECT_HOME/src/boost/preprocessor/tuple/rem.hpp
              $PROJECT_HOME/src/boost/preprocessor/cat.hpp
              $PROJECT_HOME/src/boost/preprocessor/config/config.hpp
              $PROJECT_HOME/src/boost/preprocessor/facilities/expand.hpp
              $PROJECT_HOME/src/boost/preprocessor/facilities/overload.hpp
              $PROJECT_HOME/src/boost/preprocessor/tuple/detail/is_single_return.hpp
            $PROJECT_HOME/src/boost/preprocessor/variadic/elem.hpp
              $PROJECT_HOME/src/boost/preprocessor/cat.hpp
              $PROJECT_HOME/src/boost/preprocessor/config/config.hpp
          $PROJECT_HOME/src/boost/preprocessor/tuple/size.hpp
            $PROJECT_HOME/src/boost/preprocessor/cat.hpp
            $PROJECT_HOME/src/boost/preprocessor/config/config.hpp
            $PROJECT_HOME/src/boost/preprocessor/variadic/size.hpp
          $PROJECT_HOME/src/boost/preprocessor/arithmetic/dec.hpp
            $PROJECT_HOME/src/boost/preprocessor/config/config.hpp
    $PROJECT_HOME/src/ConvTb.cpp
  
  Processes/Blocks in Design
    Process                                              Real Operation(s) count Latency Throughput Reset Length II Comments 
    ---------------------------------------------------- ----------------------- ------- ---------- ------------ -- --------
    /Conv/SystolicArrayLooper/run                                             33       5          9            1  0        ? 
    /Conv/Serializer<PackedInt<16UL,16UL>,ODTYPE,16>/run                       7      16         16            1  0          
    /Conv/ParamsDeserializer/run                                              12       9         10            1  0          
    Design Total:                                                             52      30         16            1  0          
    
  Clock Information
    Clock Signal Edge   Period Sharing Alloc (%) Uncertainty Used by Processes/Blocks                                                                                        
    ------------ ------ ------ ----------------- ----------- ---------------------------------------------------------------------------------------------------------------
    clk          rising  5.000             20.00    0.000000 /Conv/SystolicArrayLooper/run /Conv/Serializer<PackedInt<16UL,16UL>,ODTYPE,16>/run /Conv/ParamsDeserializer/run 
    
  I/O Data Ranges
    Port                  Mode DeclType DeclWidth DeclRange ActType ActWidth ActRange 
    --------------------- ---- -------- --------- --------- ------- -------- --------
    clk                   IN   Unsigned         1                                     
    arst_n                IN   Unsigned         1                                     
    input_serial:rsc.dat  IN   Unsigned         8                                     
    input_serial:rsc.vld  IN   Unsigned         1                                     
    weight_serial:rsc.dat IN   Unsigned         8                                     
    weight_serial:rsc.vld IN   Unsigned         1                                     
    output_serial:rsc.rdy IN   Unsigned         1                                     
    paramsIn:rsc.dat      IN   Unsigned        16                                     
    paramsIn:rsc.vld      IN   Unsigned         1                                     
    input_serial:rsc.rdy  OUT  Unsigned         1                                     
    weight_serial:rsc.rdy OUT  Unsigned         1                                     
    output_serial:rsc.dat OUT  Unsigned        16                                     
    output_serial:rsc.vld OUT  Unsigned         1                                     
    paramsIn:rsc.rdy      OUT  Unsigned         1                                     
    
  Memory Resources
    Resource Name: /Conv/ParamsDeserializer/inputChannel:rsc
      Memory Component: ccs_in_wait                  Size:         1 x 16
      External:         true                         Packing Mode: sidebyside
      Memory Map:
      Variable                              Indices Phys Memory Address     
      ------------------------------------- ------- -----------------------
      /Conv/ParamsDeserializer/inputChannel    0:15 00000000-00000000 (0-0) 
      
    Resource Name: /Conv/ParamsDeserializer/outputChannel1:rsc
      Memory Component: ccs_out_wait                 Size:         1 x 144
      External:         true                         Packing Mode: sidebyside
      Memory Map:
      Variable                                Indices Phys Memory Address     
      --------------------------------------- ------- -----------------------
      /Conv/ParamsDeserializer/outputChannel1   0:143 00000000-00000000 (0-0) 
      
    Resource Name: /Conv/ParamsDeserializer/outputChannel2:rsc
      Memory Component: ccs_out_wait                 Size:         1 x 144
      External:         true                         Packing Mode: sidebyside
      Memory Map:
      Variable                                Indices Phys Memory Address     
      --------------------------------------- ------- -----------------------
      /Conv/ParamsDeserializer/outputChannel2   0:143 00000000-00000000 (0-0) 
      
    Resource Name: /Conv/ParamsDeserializer/outputChannel3:rsc
      Memory Component: ccs_out_wait                 Size:         1 x 144
      External:         true                         Packing Mode: sidebyside
      Memory Map:
      Variable                                Indices Phys Memory Address     
      --------------------------------------- ------- -----------------------
      /Conv/ParamsDeserializer/outputChannel3   0:143 00000000-00000000 (0-0) 
      
    Resource Name: /Conv/Serializer<PackedInt<16UL,16UL>,ODTYPE,16>/inputChannel:rsc
      Memory Component: ccs_in_wait                  Size:         1 x 256
      External:         true                         Packing Mode: sidebyside
      Memory Map:
      Variable                                                      Indices Phys Memory Address     
      ------------------------------------------------------------- ------- -----------------------
      /Conv/Serializer<PackedInt<16UL,16UL>,ODTYPE,16>/inputChannel   0:255 00000000-00000000 (0-0) 
      
    Resource Name: /Conv/Serializer<PackedInt<16UL,16UL>,ODTYPE,16>/serialOutChannel:rsc
      Memory Component: ccs_out_wait                 Size:         1 x 16
      External:         true                         Packing Mode: sidebyside
      Memory Map:
      Variable                                                          Indices Phys Memory Address     
      ----------------------------------------------------------------- ------- -----------------------
      /Conv/Serializer<PackedInt<16UL,16UL>,ODTYPE,16>/serialOutChannel    0:15 00000000-00000000 (0-0) 
      
    Resource Name: /Conv/InputDoubleBuffer<4096,16,16>/inputs_in:rsc
      Memory Component: ccs_in_wait                  Size:         1 x 8
      External:         true                         Packing Mode: sidebyside
      Memory Map:
      Variable                                      Indices Phys Memory Address     
      --------------------------------------------- ------- -----------------------
      /Conv/InputDoubleBuffer<4096,16,16>/inputs_in     0:7 00000000-00000000 (0-0) 
      
    Resource Name: /Conv/InputDoubleBuffer<4096,16,16>/inputs_out:rsc
      Memory Component: ccs_out_wait                 Size:         1 x 128
      External:         true                         Packing Mode: sidebyside
      Memory Map:
      Variable                                       Indices Phys Memory Address     
      ---------------------------------------------- ------- -----------------------
      /Conv/InputDoubleBuffer<4096,16,16>/inputs_out   0:127 00000000-00000000 (0-0) 
      
    Resource Name: /Conv/InputDoubleBuffer<4096,16,16>/paramsIn:rsc
      Memory Component: ccs_in_wait                  Size:         1 x 144
      External:         true                         Packing Mode: sidebyside
      Memory Map:
      Variable                                     Indices Phys Memory Address     
      -------------------------------------------- ------- -----------------------
      /Conv/InputDoubleBuffer<4096,16,16>/paramsIn   0:143 00000000-00000000 (0-0) 
      
    Resource Name: /Conv/WeightDoubleBuffer<4096,16,16>/weights_in:rsc
      Memory Component: ccs_in_wait                  Size:         1 x 8
      External:         true                         Packing Mode: sidebyside
      Memory Map:
      Variable                                        Indices Phys Memory Address     
      ----------------------------------------------- ------- -----------------------
      /Conv/WeightDoubleBuffer<4096,16,16>/weights_in     0:7 00000000-00000000 (0-0) 
      
    Resource Name: /Conv/WeightDoubleBuffer<4096,16,16>/weights_out:rsc
      Memory Component: ccs_out_wait                 Size:         1 x 128
      External:         true                         Packing Mode: sidebyside
      Memory Map:
      Variable                                         Indices Phys Memory Address     
      ------------------------------------------------ ------- -----------------------
      /Conv/WeightDoubleBuffer<4096,16,16>/weights_out   0:127 00000000-00000000 (0-0) 
      
    Resource Name: /Conv/WeightDoubleBuffer<4096,16,16>/paramsIn:rsc
      Memory Component: ccs_in_wait                  Size:         1 x 144
      External:         true                         Packing Mode: sidebyside
      Memory Map:
      Variable                                      Indices Phys Memory Address     
      --------------------------------------------- ------- -----------------------
      /Conv/WeightDoubleBuffer<4096,16,16>/paramsIn   0:143 00000000-00000000 (0-0) 
      
    Resource Name: /Conv/SystolicArrayCore<IDTYPE,WDTYPE,ODTYPE,16,16>/input:rsc
      Memory Component: ccs_in_wait                  Size:         1 x 128
      External:         true                         Packing Mode: sidebyside
      Memory Map:
      Variable                                                  Indices Phys Memory Address     
      --------------------------------------------------------- ------- -----------------------
      /Conv/SystolicArrayCore<IDTYPE,WDTYPE,ODTYPE,16,16>/input   0:127 00000000-00000000 (0-0) 
      
    Resource Name: /Conv/SystolicArrayCore<IDTYPE,WDTYPE,ODTYPE,16,16>/weight:rsc
      Memory Component: ccs_in_wait                  Size:         1 x 128
      External:         true                         Packing Mode: sidebyside
      Memory Map:
      Variable                                                   Indices Phys Memory Address     
      ---------------------------------------------------------- ------- -----------------------
      /Conv/SystolicArrayCore<IDTYPE,WDTYPE,ODTYPE,16,16>/weight   0:127 00000000-00000000 (0-0) 
      
    Resource Name: /Conv/SystolicArrayCore<IDTYPE,WDTYPE,ODTYPE,16,16>/output:rsc
      Memory Component: ccs_out_wait                 Size:         1 x 256
      External:         true                         Packing Mode: sidebyside
      Memory Map:
      Variable                                                   Indices Phys Memory Address     
      ---------------------------------------------------------- ------- -----------------------
      /Conv/SystolicArrayCore<IDTYPE,WDTYPE,ODTYPE,16,16>/output   0:255 00000000-00000000 (0-0) 
      
    Resource Name: /Conv/SystolicArrayCore<IDTYPE,WDTYPE,ODTYPE,16,16>/paramsIn:rsc
      Memory Component: ccs_in_wait                  Size:         1 x 144
      External:         true                         Packing Mode: sidebyside
      Memory Map:
      Variable                                                     Indices Phys Memory Address     
      ------------------------------------------------------------ ------- -----------------------
      /Conv/SystolicArrayCore<IDTYPE,WDTYPE,ODTYPE,16,16>/paramsIn   0:143 00000000-00000000 (0-0) 
      
    Resource Name: /Conv/SystolicArrayCore<IDTYPE,WDTYPE,ODTYPE,16,16>/loopIndicesIn:rsc
      Memory Component: ccs_in_wait                  Size:         1 x 48
      External:         true                         Packing Mode: sidebyside
      Memory Map:
      Variable                                                          Indices Phys Memory Address     
      ----------------------------------------------------------------- ------- -----------------------
      /Conv/SystolicArrayCore<IDTYPE,WDTYPE,ODTYPE,16,16>/loopIndicesIn    0:47 00000000-00000000 (0-0) 
      
    Resource Name: /Conv/SystolicArrayLooper/paramsIn:rsc
      Memory Component: ccs_in_wait                  Size:         1 x 144
      External:         true                         Packing Mode: sidebyside
      Memory Map:
      Variable                           Indices Phys Memory Address     
      ---------------------------------- ------- -----------------------
      /Conv/SystolicArrayLooper/paramsIn   0:143 00000000-00000000 (0-0) 
      
    Resource Name: /Conv/SystolicArrayLooper/paramsOut:rsc
      Memory Component: ccs_out_wait                 Size:         1 x 144
      External:         true                         Packing Mode: sidebyside
      Memory Map:
      Variable                            Indices Phys Memory Address     
      ----------------------------------- ------- -----------------------
      /Conv/SystolicArrayLooper/paramsOut   0:143 00000000-00000000 (0-0) 
      
    Resource Name: /Conv/SystolicArrayLooper/loopIndicesOut:rsc
      Memory Component: ccs_out_wait                 Size:         1 x 48
      External:         true                         Packing Mode: sidebyside
      Memory Map:
      Variable                                 Indices Phys Memory Address     
      ---------------------------------------- ------- -----------------------
      /Conv/SystolicArrayLooper/loopIndicesOut    0:47 00000000-00000000 (0-0) 
      
    Resource Name: /Conv/SystolicArrayWrapper<IDTYPE,WDTYPE,ODTYPE,16,16>/input:rsc
      Memory Component: ccs_in_wait                  Size:         1 x 128
      External:         true                         Packing Mode: sidebyside
      Memory Map:
      Variable                                                     Indices Phys Memory Address     
      ------------------------------------------------------------ ------- -----------------------
      /Conv/SystolicArrayWrapper<IDTYPE,WDTYPE,ODTYPE,16,16>/input   0:127 00000000-00000000 (0-0) 
      
    Resource Name: /Conv/SystolicArrayWrapper<IDTYPE,WDTYPE,ODTYPE,16,16>/weight:rsc
      Memory Component: ccs_in_wait                  Size:         1 x 128
      External:         true                         Packing Mode: sidebyside
      Memory Map:
      Variable                                                      Indices Phys Memory Address     
      ------------------------------------------------------------- ------- -----------------------
      /Conv/SystolicArrayWrapper<IDTYPE,WDTYPE,ODTYPE,16,16>/weight   0:127 00000000-00000000 (0-0) 
      
    Resource Name: /Conv/SystolicArrayWrapper<IDTYPE,WDTYPE,ODTYPE,16,16>/output:rsc
      Memory Component: ccs_out_wait                 Size:         1 x 256
      External:         true                         Packing Mode: sidebyside
      Memory Map:
      Variable                                                      Indices Phys Memory Address     
      ------------------------------------------------------------- ------- -----------------------
      /Conv/SystolicArrayWrapper<IDTYPE,WDTYPE,ODTYPE,16,16>/output   0:255 00000000-00000000 (0-0) 
      
    Resource Name: /Conv/SystolicArrayWrapper<IDTYPE,WDTYPE,ODTYPE,16,16>/paramsIn:rsc
      Memory Component: ccs_in_wait                  Size:         1 x 144
      External:         true                         Packing Mode: sidebyside
      Memory Map:
      Variable                                                        Indices Phys Memory Address     
      --------------------------------------------------------------- ------- -----------------------
      /Conv/SystolicArrayWrapper<IDTYPE,WDTYPE,ODTYPE,16,16>/paramsIn   0:143 00000000-00000000 (0-0) 
      
    Resource Name: /Conv/SystolicArrayWrapper<IDTYPE,WDTYPE,ODTYPE,16,16>/paramsChannel:cns
      Memory Component: ccs_pipe                     Size:         1 x 144
      External:         false                        Packing Mode: sidebyside
      Memory Map:
      Variable                                                             Indices Phys Memory Address     
      -------------------------------------------------------------------- ------- -----------------------
      /Conv/SystolicArrayWrapper<IDTYPE,WDTYPE,ODTYPE,16,16>/paramsChannel   0:143 00000000-00000000 (0-0) 
      
    Resource Name: /Conv/SystolicArrayWrapper<IDTYPE,WDTYPE,ODTYPE,16,16>/loopIndicesChannel:cns
      Memory Component: ccs_pipe                     Size:         1 x 48
      External:         false                        Packing Mode: sidebyside
      Memory Map:
      Variable                                                                  Indices Phys Memory Address     
      ------------------------------------------------------------------------- ------- -----------------------
      /Conv/SystolicArrayWrapper<IDTYPE,WDTYPE,ODTYPE,16,16>/loopIndicesChannel    0:47 00000000-00000000 (0-0) 
      
    Resource Name: /Conv/input_serial:rsc
      Memory Component: ccs_in_wait                  Size:         1 x 8
      External:         true                         Packing Mode: sidebyside
      Memory Map:
      Variable           Indices Phys Memory Address     
      ------------------ ------- -----------------------
      /Conv/input_serial     0:7 00000000-00000000 (0-0) 
      
    Resource Name: /Conv/weight_serial:rsc
      Memory Component: ccs_in_wait                  Size:         1 x 8
      External:         true                         Packing Mode: sidebyside
      Memory Map:
      Variable            Indices Phys Memory Address     
      ------------------- ------- -----------------------
      /Conv/weight_serial     0:7 00000000-00000000 (0-0) 
      
    Resource Name: /Conv/output_serial:rsc
      Memory Component: ccs_out_wait                 Size:         1 x 16
      External:         true                         Packing Mode: sidebyside
      Memory Map:
      Variable            Indices Phys Memory Address     
      ------------------- ------- -----------------------
      /Conv/output_serial    0:15 00000000-00000000 (0-0) 
      
    Resource Name: /Conv/paramsIn:rsc
      Memory Component: ccs_in_wait                  Size:         1 x 16
      External:         true                         Packing Mode: sidebyside
      Memory Map:
      Variable       Indices Phys Memory Address     
      -------------- ------- -----------------------
      /Conv/paramsIn    0:15 00000000-00000000 (0-0) 
      
    Resource Name: /Conv/input_out:cns
      Memory Component: ccs_pipe                     Size:         1 x 128
      External:         false                        Packing Mode: sidebyside
      Memory Map:
      Variable        Indices Phys Memory Address     
      --------------- ------- -----------------------
      /Conv/input_out   0:127 00000000-00000000 (0-0) 
      
    Resource Name: /Conv/weight_out:cns
      Memory Component: ccs_pipe                     Size:         1 x 128
      External:         false                        Packing Mode: sidebyside
      Memory Map:
      Variable         Indices Phys Memory Address     
      ---------------- ------- -----------------------
      /Conv/weight_out   0:127 00000000-00000000 (0-0) 
      
    Resource Name: /Conv/output:cns
      Memory Component: ccs_pipe                     Size:         1 x 256
      External:         false                        Packing Mode: sidebyside
      Memory Map:
      Variable     Indices Phys Memory Address     
      ------------ ------- -----------------------
      /Conv/output   0:255 00000000-00000000 (0-0) 
      
    Resource Name: /Conv/inputDoubleBufferParams:cns
      Memory Component: ccs_pipe                     Size:         1 x 144
      External:         false                        Packing Mode: sidebyside
      Memory Map:
      Variable                      Indices Phys Memory Address     
      ----------------------------- ------- -----------------------
      /Conv/inputDoubleBufferParams   0:143 00000000-00000000 (0-0) 
      
    Resource Name: /Conv/weightDoubleBufferParams:cns
      Memory Component: ccs_pipe                     Size:         1 x 144
      External:         false                        Packing Mode: sidebyside
      Memory Map:
      Variable                       Indices Phys Memory Address     
      ------------------------------ ------- -----------------------
      /Conv/weightDoubleBufferParams   0:143 00000000-00000000 (0-0) 
      
    Resource Name: /Conv/systolicArrayParams:cns
      Memory Component: ccs_pipe                     Size:         1 x 144
      External:         false                        Packing Mode: sidebyside
      Memory Map:
      Variable                  Indices Phys Memory Address     
      ------------------------- ------- -----------------------
      /Conv/systolicArrayParams   0:143 00000000-00000000 (0-0) 
      
  C++ to Interface Mappings
    C++ Field Interface Range Range Expression Expression Limits 
    --------- --------------- ---------------- -----------------
    
  Multi-Cycle (Combinational) Component Usage
    Instance Component Name Delay 
    -------- -------------- -----
    
  Loops
    Process                                              Loop             Iterations C-Steps Total Cycles  Duration  Unroll Init Comments 
    ---------------------------------------------------- ---------------- ---------- ------- ------------- --------- ------ ---- --------
    /Conv/SystolicArrayLooper/run                        run:rlp            Infinite       1         10 ?  50.00 ns                       
    /Conv/SystolicArrayLooper/run                         main              Infinite       2          9 ?  45.00 ns                       
    /Conv/SystolicArrayLooper/run                          OY1_OX1_OC1             ?       2          7 ?  35.00 ns                       
    /Conv/SystolicArrayLooper/run                           IC1                    ?       2          5 ?  25.00 ns                       
    /Conv/SystolicArrayLooper/run                            FY                    ?       2          3 ?  15.00 ns                       
    /Conv/SystolicArrayLooper/run                             FX                   ?       1          1 ?   5.00 ns                       
    /Conv/Serializer<PackedInt<16UL,16UL>,ODTYPE,16>/run run:rlp            Infinite       1           18  90.00 ns                       
    /Conv/Serializer<PackedInt<16UL,16UL>,ODTYPE,16>/run  main              Infinite       2           17  85.00 ns            1          
    /Conv/ParamsDeserializer/run                         run:rlp            Infinite       1           11  55.00 ns                       
    /Conv/ParamsDeserializer/run                          main              Infinite      10           10  50.00 ns                       
    
  Loop Execution Profile
    Process                                              Loop             Total Cycles % of Overall Design Cycles Throughput Cycles Comments 
    ---------------------------------------------------- ---------------- ------------ -------------------------- ----------------- --------
    /Conv/SystolicArrayLooper/run                        run:rlp                  1 ?                       10.00              9 ?           
    /Conv/SystolicArrayLooper/run                         main                    2 ?                       20.00              9 ?           
    /Conv/SystolicArrayLooper/run                          OY1_OX1_OC1            2 ?                       20.00              7 ?           
    /Conv/SystolicArrayLooper/run                           IC1                   2 ?                       20.00              5 ?           
    /Conv/SystolicArrayLooper/run                            FY                   2 ?                       20.00              3 ?           
    /Conv/SystolicArrayLooper/run                             FX                  1 ?                       10.00              1 ?           
    /Conv/Serializer<PackedInt<16UL,16UL>,ODTYPE,16>/run run:rlp                    1                        5.56               16           
    /Conv/Serializer<PackedInt<16UL,16UL>,ODTYPE,16>/run  main                     17                       94.44               16           
    /Conv/ParamsDeserializer/run                         run:rlp                    1                        9.09               10           
    /Conv/ParamsDeserializer/run                          main                     10                       90.91               10           
    
  End of Report
