/cad/synopsys/syn/L-2016.03-SP5-5/auxx/gui/dv/dv_setup.tcl
/cad/synopsys/syn/L-2016.03-SP5-5/auxx/gui/syn/snpsSynProcs.tcl
/cad/synopsys/syn/L-2016.03-SP5-5/auxx/gui/syn/layout/pkgIndex.tcl
/cad/synopsys/syn/L-2016.03-SP5-5/auxx/gui/common/tcl-dp/pkgIndex.tcl
/cad/synopsys/syn/L-2016.03-SP5-5/auxx/gui/common/docBrowser/pkgIndex.tcl
/cad/synopsys/syn/L-2016.03-SP5-5/auxx/gui/common/libviewer/pkgIndex.tcl
/cad/synopsys/syn/L-2016.03-SP5-5/auxx/gui/common/opdlg/pkgIndex.tcl
/cad/synopsys/syn/L-2016.03-SP5-5/auxx/gui/common/profiler/pkgIndex.tcl
/cad/synopsys/syn/L-2016.03-SP5-5/auxx/gui/common/tq/pkgIndex.tcl
/cad/synopsys/syn/L-2016.03-SP5-5/auxx/gui/common/table/pkgIndex.tcl
/cad/synopsys/syn/L-2016.03-SP5-5/auxx/gui/common/view/pkgIndex.tcl
/cad/synopsys/syn/L-2016.03-SP5-5/auxx/gui/common/tiledview/pkgIndex.tcl
/cad/synopsys/syn/L-2016.03-SP5-5/auxx/gui/common/select/pkgIndex.tcl
/cad/synopsys/syn/L-2016.03-SP5-5/auxx/gui/common/commandform/pkgIndex.tcl
/cad/synopsys/syn/L-2016.03-SP5-5/auxx/gui/common/strokes/pkgIndex.tcl
/cad/synopsys/syn/L-2016.03-SP5-5/auxx/gui/common/setup/pkgIndex.tcl
/cad/synopsys/syn/L-2016.03-SP5-5/auxx/gui/common/timing/pkgIndex.tcl
/cad/synopsys/syn/L-2016.03-SP5-5/auxx/gui/common/schematic/pkgIndex.tcl
/cad/synopsys/syn/L-2016.03-SP5-5/auxx/gui/common/highlight/pkgIndex.tcl
/cad/synopsys/syn/L-2016.03-SP5-5/auxx/gui/common/misc/pkgIndex.tcl
/cad/synopsys/syn/L-2016.03-SP5-5/auxx/gui/common/fanoutviewer/pkgIndex.tcl
/cad/synopsys/syn/L-2016.03-SP5-5/auxx/gui/common/palettegroup/pkgIndex.tcl
/cad/synopsys/syn/L-2016.03-SP5-5/auxx/gui/common/menus/pkgIndex.tcl
/cad/synopsys/syn/L-2016.03-SP5-5/auxx/gui/common/layout/pkgIndex.tcl
/cad/synopsys/syn/L-2016.03-SP5-5/auxx/gui/common/mrupalette/pkgIndex.tcl
/cad/synopsys/syn/L-2016.03-SP5-5/auxx/gui/common/dialogs/pkgIndex.tcl
/cad/synopsys/syn/L-2016.03-SP5-5/auxx/gui/common/pathinspector/pkgIndex.tcl
/cad/synopsys/syn/L-2016.03-SP5-5/auxx/gui/common/acg/pkgIndex.tcl
/cad/synopsys/syn/L-2016.03-SP5-5/auxx/gui/common/WindowFrameWork/pkgIndex.tcl
/cad/synopsys/syn/L-2016.03-SP5-5/auxx/gui/common/hierarchy/pkgIndex.tcl
/cad/synopsys/syn/L-2016.03-SP5-5/auxx/gui/common/histogram/pkgIndex.tcl
/cad/synopsys/syn/L-2016.03-SP5-5/auxx/gui/common/qtcl/pkgIndex.tcl
/cad/synopsys/syn/L-2016.03-SP5-5/auxx/gui/common/regressionToolkit/pkgIndex.tcl
/cad/synopsys/syn/L-2016.03-SP5-5/auxx/gui/dv/pkgIndex.tcl
/cad/synopsys/syn/L-2016.03-SP5-5/auxx/syn/lib/pkgIndex.tcl
/cad/synopsys/syn/L-2016.03-SP5-5/auxx/tcllib/lib/iwidgets4.1/pkgIndex.tcl
/cad/synopsys/syn/L-2016.03-SP5-5/auxx/tcllib/snps_tcl/snpsTclPro/pkgIndex.tcl
/cad/synopsys/syn/L-2016.03-SP5-5/auxx/tcllib/snps_tcl/snpsUtils/pkgIndex.tcl
/cad/synopsys/syn/L-2016.03-SP5-5/auxx/tcllib/snps_tcl/snpsTest/pkgIndex.tcl
/cad/synopsys/syn/L-2016.03-SP5-5/auxx/tcllib/snps_tcl/pkgIndex.tcl
/cad/synopsys/syn/L-2016.03-SP5-5/auxx/tcllib/lib/tcl8.6/http1.0/pkgIndex.tcl
/cad/synopsys/syn/L-2016.03-SP5-5/auxx/tcllib/lib/tcl8.6/tcltest/pkgIndex.tcl
/cad/synopsys/syn/L-2016.03-SP5-5/auxx/tcllib/lib/tcl8.6/dde/pkgIndex.tcl
/cad/synopsys/syn/L-2016.03-SP5-5/auxx/tcllib/lib/tcl8.6/opt/pkgIndex.tcl
/cad/synopsys/syn/L-2016.03-SP5-5/auxx/tcllib/lib/tcl8.6/http/pkgIndex.tcl
/cad/synopsys/syn/L-2016.03-SP5-5/auxx/tcllib/lib/tcl8.6/platform/pkgIndex.tcl
/cad/synopsys/syn/L-2016.03-SP5-5/auxx/tcllib/lib/tcl8.6/msgcat/pkgIndex.tcl
/cad/synopsys/syn/L-2016.03-SP5-5/auxx/tcllib/lib/tcl8.6/reg/pkgIndex.tcl
/cad/synopsys/syn/L-2016.03-SP5-5/auxx/gui/common/setup/snpsCommonSetup.tcl
/cad/synopsys/syn/L-2016.03-SP5-5/auxx/gui/common/setup/snpsCustomize.tcl
/cad/synopsys/syn/L-2016.03-SP5-5/auxx/gui/common/setup/snpsProcheck.tcl
/cad/synopsys/syn/L-2016.03-SP5-5/auxx/gui/common/qtcl/.synopsys_qtcl.tcl
/cad/synopsys/syn/L-2016.03-SP5-5/auxx/gui/common/highlight/highlight.tcl
/cad/synopsys/syn/L-2016.03-SP5-5/auxx/gui/common/misc/base.tcl
/cad/synopsys/syn/L-2016.03-SP5-5/auxx/gui/common/misc/timing.tcl
/cad/synopsys/syn/L-2016.03-SP5-5/auxx/gui/common/misc/setting.tcl
/cad/synopsys/syn/L-2016.03-SP5-5/auxx/gui/common/misc/preset.tcl
/cad/synopsys/syn/L-2016.03-SP5-5/auxx/gui/common/WindowFrameWork/windowFrameWork.tcl
/cad/synopsys/syn/L-2016.03-SP5-5/auxx/gui/common/WindowFrameWork/skipBusyCursorCmdList.tcl
/cad/synopsys/syn/L-2016.03-SP5-5/auxx/gui/common/docBrowser/docBrowser.tcl
/cad/synopsys/syn/L-2016.03-SP5-5/auxx/tcllib/snps_tcl/snpsUtils/snpsUtils.tcl
/cad/synopsys/syn/L-2016.03-SP5-5/auxx/gui/common/dialogs/ObjectChooser.tcl
/cad/synopsys/syn/L-2016.03-SP5-5/auxx/gui/common/misc/DialogObjectChooser.tcl
/cad/synopsys/syn/L-2016.03-SP5-5/auxx/gui/common/dialogs/HistBinInformation.tcl
/cad/synopsys/syn/L-2016.03-SP5-5/auxx/gui/common/dialogs/HistBin1Information.tcl
/cad/synopsys/syn/L-2016.03-SP5-5/auxx/gui/common/dialogs/BinsOnlyInformation.tcl
/cad/synopsys/syn/L-2016.03-SP5-5/auxx/gui/common/dialogs/FileChooser.tcl
/cad/synopsys/syn/L-2016.03-SP5-5/auxx/gui/common/dialogs/PathPinSimpleInfo.tcl
/cad/synopsys/syn/L-2016.03-SP5-5/auxx/gui/common/dialogs/PathsBasicInfo.tcl
/cad/synopsys/syn/L-2016.03-SP5-5/auxx/gui/common/dialogs/PathsBasicSimpleInfo.tcl
/cad/synopsys/syn/L-2016.03-SP5-5/auxx/gui/common/dialogs/SlctOperationInfo.tcl
/cad/synopsys/syn/L-2016.03-SP5-5/auxx/gui/common/dialogs/ObjectListInfo.tcl
/cad/synopsys/syn/L-2016.03-SP5-5/auxx/gui/common/dialogs/FanInOutInfo.tcl
/cad/synopsys/syn/L-2016.03-SP5-5/auxx/gui/common/dialogs/NumberOfLevelsChooser.tcl
/cad/synopsys/syn/L-2016.03-SP5-5/auxx/gui/common/dialogs/WindowReuseInfo.tcl
/cad/synopsys/syn/L-2016.03-SP5-5/auxx/gui/common/dialogs/ReportOutputOptionInfo.tcl
/cad/synopsys/syn/L-2016.03-SP5-5/auxx/gui/common/setup/snpsCollections.tcl
/cad/synopsys/syn/L-2016.03-SP5-5/auxx/gui/common/dialogs/CompileLinkDesign.tcl
/cad/synopsys/syn/L-2016.03-SP5-5/auxx/gui/common/histogram/DialogEndpointSlack.tcl
/cad/synopsys/syn/L-2016.03-SP5-5/auxx/gui/common/histogram/DialogPathsSlack.tcl
/cad/synopsys/syn/L-2016.03-SP5-5/auxx/gui/common/histogram/DialogNetCapacitance.tcl
/cad/synopsys/syn/L-2016.03-SP5-5/auxx/gui/common/schematic/DialogPathSchematicFanInOut.tcl
/cad/synopsys/syn/L-2016.03-SP5-5/auxx/gui/common/schematic/DialogPathSchematicAddPaths.tcl
/home/users/ctorng/work/cc/ee272-hw4/build/Conv.v1/rtl.v.dc
/cad/mentor/2019.11/Catapult_Synthesis_10.4b-841621/Mgc_home/pkgs/siflibs/ccs_in_wait_v1.v
/cad/mentor/2019.11/Catapult_Synthesis_10.4b-841621/Mgc_home/pkgs/siflibs/ccs_out_wait_v1.v
/cad/mentor/2019.11/Catapult_Synthesis_10.4b-841621/Mgc_home/pkgs/siflibs/ccs_in_v1.v
/cad/mentor/2019.11/Catapult_Synthesis_10.4b-841621/Mgc_home/pkgs/siflibs/mgc_out_dreg_v2.v
/home/users/ctorng/work/cc/ee272-hw4/build/Conv.v1/../td_ccore_solutions/Fifo_ODTYPE_16__221b3917049bbc5c28349b3242b352d67c53_0/rtl.v
/home/users/ctorng/work/cc/ee272-hw4/build/Conv.v1/../td_ccore_solutions/Fifo_ODTYPE_15__0588a2793143081c26ab62d19350374879f4_0/rtl.v
/home/users/ctorng/work/cc/ee272-hw4/build/Conv.v1/../td_ccore_solutions/Fifo_ODTYPE_14__45e500b517c70224a67c6e90729192d87795_0/rtl.v
/home/users/ctorng/work/cc/ee272-hw4/build/Conv.v1/../td_ccore_solutions/Fifo_ODTYPE_13__cfc4e6d714c299c88f1ea11a4aa19dcd7536_0/rtl.v
/home/users/ctorng/work/cc/ee272-hw4/build/Conv.v1/../td_ccore_solutions/Fifo_ODTYPE_12__20588fe682fdeb9113d6793626c8c22872d7_0/rtl.v
/home/users/ctorng/work/cc/ee272-hw4/build/Conv.v1/../td_ccore_solutions/Fifo_ODTYPE_11__917724a8fd2b9046ed510e9c8c2f6e0c7078_0/rtl.v
/home/users/ctorng/work/cc/ee272-hw4/build/Conv.v1/../td_ccore_solutions/Fifo_ODTYPE_10__98cb450ab203be4fbf6a1bbccd8ea7be6e1a_0/rtl.v
/home/users/ctorng/work/cc/ee272-hw4/build/Conv.v1/../td_ccore_solutions/Fifo_ODTYPE_9__59d17ff0eccb20043113c483bd4832ad6bb0_0/rtl.v
/home/users/ctorng/work/cc/ee272-hw4/build/Conv.v1/../td_ccore_solutions/Fifo_ODTYPE_8__fe12db0fc7a2f935da96abaa8a4058ea6952_0/rtl.v
/home/users/ctorng/work/cc/ee272-hw4/build/Conv.v1/../td_ccore_solutions/Fifo_ODTYPE_7__d003a84803bb8a29bae7687df0b778f666f4_0/rtl.v
/home/users/ctorng/work/cc/ee272-hw4/build/Conv.v1/../td_ccore_solutions/Fifo_ODTYPE_6__ef9cbbb510dc9b7e23fbd9ad2a0b75166496_0/rtl.v
/home/users/ctorng/work/cc/ee272-hw4/build/Conv.v1/../td_ccore_solutions/Fifo_ODTYPE_5__3e4e6554e1972e837dfae32d6649bb6d6238_0/rtl.v
/home/users/ctorng/work/cc/ee272-hw4/build/Conv.v1/../td_ccore_solutions/Fifo_ODTYPE_4__156db601d575e3447c254544adc35f885fda_0/rtl.v
/home/users/ctorng/work/cc/ee272-hw4/build/Conv.v1/../td_ccore_solutions/Fifo_ODTYPE_3__7b12ca58716272e54ee61060556848705d7c_0/rtl.v
/home/users/ctorng/work/cc/ee272-hw4/build/Conv.v1/../td_ccore_solutions/Fifo_ODTYPE_2__d9255459d1985bba09ce948bd73b39735b1e_0/rtl.v
/home/users/ctorng/work/cc/ee272-hw4/build/Conv.v1/../td_ccore_solutions/Fifo_IDTYPE_16__d38d5c3f7f7d770ed3944fd5fef6db0b7c26_0/rtl.v
/home/users/ctorng/work/cc/ee272-hw4/build/Conv.v1/../td_ccore_solutions/Fifo_IDTYPE_15__a3693e6df94c682291b73c0533bd535379c8_0/rtl.v
/home/users/ctorng/work/cc/ee272-hw4/build/Conv.v1/../td_ccore_solutions/Fifo_IDTYPE_14__6ed558445f9b0ba26813510e683ff2e6776a_0/rtl.v
/home/users/ctorng/work/cc/ee272-hw4/build/Conv.v1/../td_ccore_solutions/Fifo_IDTYPE_13__3ab39e6656c571656f9f918808a98c90750c_0/rtl.v
/home/users/ctorng/work/cc/ee272-hw4/build/Conv.v1/../td_ccore_solutions/Fifo_IDTYPE_12__41334737f9db89f3401ddbdb180284a372ae_0/rtl.v
/home/users/ctorng/work/cc/ee272-hw4/build/Conv.v1/../td_ccore_solutions/Fifo_IDTYPE_11__b143065b8a794d7c3150cb2396006f267050_0/rtl.v
/home/users/ctorng/work/cc/ee272-hw4/build/Conv.v1/../td_ccore_solutions/Fifo_IDTYPE_10__2ffa16ce99a732e8d71a5f721f0f2d316df3_0/rtl.v
/home/users/ctorng/work/cc/ee272-hw4/build/Conv.v1/../td_ccore_solutions/Fifo_IDTYPE_9__3850d4c5a858cb636c57c5c7832e8f086b8a_0/rtl.v
/home/users/ctorng/work/cc/ee272-hw4/build/Conv.v1/../td_ccore_solutions/Fifo_IDTYPE_8__088804bffe2cbc7474b0591ee11c8c42692d_0/rtl.v
/home/users/ctorng/work/cc/ee272-hw4/build/Conv.v1/../td_ccore_solutions/Fifo_IDTYPE_7__219aaa96b5533f6efa14178ba0ae3f9266d0_0/rtl.v
/home/users/ctorng/work/cc/ee272-hw4/build/Conv.v1/../td_ccore_solutions/Fifo_IDTYPE_6__4caa842e06e3cce2ef6eb0925cfd318a6473_0/rtl.v
/home/users/ctorng/work/cc/ee272-hw4/build/Conv.v1/../td_ccore_solutions/Fifo_IDTYPE_5__74b9abe40f59f3bac195e723964a8a776216_0/rtl.v
/home/users/ctorng/work/cc/ee272-hw4/build/Conv.v1/../td_ccore_solutions/Fifo_IDTYPE_4__99dd0c69a5e527ded4c3d01075afb99b5fb9_0/rtl.v
/home/users/ctorng/work/cc/ee272-hw4/build/Conv.v1/../td_ccore_solutions/Fifo_IDTYPE_3__9ab5ce9495ab244439c9135630c9d9035d5c_0/rtl.v
/home/users/ctorng/work/cc/ee272-hw4/build/Conv.v1/../td_ccore_solutions/Fifo_IDTYPE_2__e3a3a79fd6d2b9552fe00c731f1f97345afd_0/rtl.v
/home/users/ctorng/work/cc/ee272-hw4/build/Conv.v1/../ProcessingElementless_IDTYPEcomma_WDTYPEcomma_ODTYPEgreater_.v1/rtl.v
/home/users/ctorng/work/cc/ee272-hw4/build/Conv.v1/../td_ccore_solutions/Fifo_ODTYPE_1__9c4a99f532013522e5120280b322b342544e_0/rtl.v
/home/users/ctorng/work/cc/ee272-hw4/build/Conv.v1/../td_ccore_solutions/Fifo_IDTYPE_1__93d204e0bede44f1c5761a5d5c8023bb542f_0/rtl.v
/cad/mentor/2019.11/Catapult_Synthesis_10.4b-841621/Mgc_home/pkgs/siflibs/ccs_ram_sync_1R1W.v
/home/users/ctorng/work/cc/ee272-hw4/build/Conv.v1/../SystolicArrayCoreless_IDTYPEcomma_WDTYPEcomma_ODTYPEcomma_16comma_16greater_.v1/rtl.v
/cad/mentor/2019.11/Catapult_Synthesis_10.4b-841621/Mgc_home/pkgs/siflibs/mgc_io_sync_v2.v
/cad/mentor/2019.11/Catapult_Synthesis_10.4b-841621/Mgc_home/pkgs/siflibs/mgc_in_sync_v2.v
/cad/mentor/2019.11/Catapult_Synthesis_10.4b-841621/Mgc_home/pkgs/siflibs/ccs_genreg_v1.v
/cad/mentor/2019.11/Catapult_Synthesis_10.4b-841621/Mgc_home/pkgs/siflibs/ccs_fifo_wait_core_v5.v
/cad/mentor/2019.11/Catapult_Synthesis_10.4b-841621/Mgc_home/pkgs/siflibs/ccs_pipe_v5.v
/home/users/ctorng/work/cc/ee272-hw4/build/Conv.v1/../WeightDoubleBufferless_4096comma_16comma_16greater_.v1/rtl.v
/home/users/ctorng/work/cc/ee272-hw4/build/Conv.v1/../InputDoubleBufferless_4096comma_16comma_16greater_.v1/rtl.v
/home/users/ctorng/work/cc/ee272-hw4/build/Conv.v1/rtl.v
/cad/synopsys/syn/L-2016.03-SP5-5/libraries/syn/gtech.db
/cad/synopsys/syn/L-2016.03-SP5-5/libraries/syn/standard.sldb
/home/users/ctorng/work/cc/ee272-hw4/build/Conv.v1/rtl.v.dc.sdc
/cad/synopsys/syn/L-2016.03-SP5-5/auxx/tcllib/lib/tcl8.6/clock.tcl
/cad/synopsys/syn/L-2016.03-SP5-5/auxx/tcllib/lib/tcl8.6/msgcat/msgcat.tcl
/home/users/ctorng/synopsys_cache_L-2016.03-SP5-5/DW01/DW01_sub/rpl/12/generic_5019/element.ddc
/home/users/ctorng/synopsys_cache_L-2016.03-SP5-5/DW01/DW01_sub/rpl/16/generic_5019/element.ddc
/home/users/ctorng/synopsys_cache_L-2016.03-SP5-5/DW01/DW01_add/rpl/9/generic_5019/element.ddc
/home/users/ctorng/synopsys_cache_L-2016.03-SP5-5/DW01/DW01_inc/rpl/9/generic_5019/element.ddc
