-- Catapult Ultra Synthesis: Report                                              
-- ------------------------- ---------------------------------------------------
-- Version:                  10.4b/841621 Production Release                     
-- Build Date:               Thu Oct 24 17:20:07 PDT 2019                        
                                                                                 
-- Generated by:             ctorng@caddy01                                      
-- Generated date:           Sat Oct 01 16:40:43 PDT 2022                        

Solution Settings: WeightDoubleBuffer<4096,16,16>.v1
  Current state: schedule
  Project: build
  
  Design Input Files Specified
    $PROJECT_HOME/src/Conv.cpp
      $PROJECT_HOME/src/conv.h
        $MGC_HOME/shared/include/ac_int.h
        $MGC_HOME/shared/include/ac_channel.h
      $MGC_HOME/shared/include/mc_scverify.h
      $PROJECT_HOME/src/Serializer.h
      $PROJECT_HOME/src/Deserializer.h
      $PROJECT_HOME/src/InputDoubleBuffer.h
      $PROJECT_HOME/src/WeightDoubleBuffer.h
      $PROJECT_HOME/src/SystolicArray.h
        $PROJECT_HOME/src/ProcessingElement.h
          $MGC_HOME/shared/include/mc_scverify.h
        $PROJECT_HOME/src/Fifo.h
          $MGC_HOME/shared/include/mc_scverify.h
        $PROJECT_HOME/src/SystolicArrayCore.h
          $PROJECT_HOME/src/boost/preprocessor/repetition/repeat.hpp
            $PROJECT_HOME/src/boost/preprocessor/cat.hpp
            $PROJECT_HOME/src/boost/preprocessor/debug/error.hpp
              $PROJECT_HOME/src/boost/preprocessor/cat.hpp
              $PROJECT_HOME/src/boost/preprocessor/config/config.hpp
            $PROJECT_HOME/src/boost/preprocessor/detail/auto_rec.hpp
              $PROJECT_HOME/src/boost/preprocessor/config/config.hpp
              $PROJECT_HOME/src/boost/preprocessor/control/iif.hpp
                $PROJECT_HOME/src/boost/preprocessor/config/config.hpp
            $PROJECT_HOME/src/boost/preprocessor/tuple/eat.hpp
              $PROJECT_HOME/src/boost/preprocessor/config/config.hpp
          $PROJECT_HOME/src/boost/preprocessor/punctuation/comma_if.hpp
            $PROJECT_HOME/src/boost/preprocessor/config/config.hpp
            $PROJECT_HOME/src/boost/preprocessor/control/if.hpp
            $PROJECT_HOME/src/boost/preprocessor/facilities/empty.hpp
              $PROJECT_HOME/src/boost/preprocessor/config/config.hpp
            $PROJECT_HOME/src/boost/preprocessor/punctuation/comma.hpp
          $PROJECT_HOME/src/boost/preprocessor/arithmetic/inc.hpp
            $PROJECT_HOME/src/boost/preprocessor/config/config.hpp
          $PROJECT_HOME/src/boost/preprocessor/comparison/not_equal.hpp
            $PROJECT_HOME/src/boost/preprocessor/cat.hpp
            $PROJECT_HOME/src/boost/preprocessor/config/config.hpp
            $PROJECT_HOME/src/boost/preprocessor/control/iif.hpp
          $PROJECT_HOME/src/boost/preprocessor/repetition/for.hpp
            $PROJECT_HOME/src/boost/preprocessor/cat.hpp
            $PROJECT_HOME/src/boost/preprocessor/debug/error.hpp
            $PROJECT_HOME/src/boost/preprocessor/facilities/empty.hpp
            $PROJECT_HOME/src/boost/preprocessor/logical/bool.hpp
            $PROJECT_HOME/src/boost/preprocessor/detail/auto_rec.hpp
              $PROJECT_HOME/src/boost/preprocessor/config/config.hpp
            $PROJECT_HOME/src/boost/preprocessor/repetition/detail/edg/for.hpp
              $PROJECT_HOME/src/boost/preprocessor/control/if.hpp
              $PROJECT_HOME/src/boost/preprocessor/tuple/eat.hpp
          $PROJECT_HOME/src/boost/preprocessor/tuple/elem.hpp
            $PROJECT_HOME/src/boost/preprocessor/cat.hpp
            $PROJECT_HOME/src/boost/preprocessor/config/config.hpp
            $PROJECT_HOME/src/boost/preprocessor/facilities/expand.hpp
              $PROJECT_HOME/src/boost/preprocessor/config/config.hpp
            $PROJECT_HOME/src/boost/preprocessor/facilities/overload.hpp
              $PROJECT_HOME/src/boost/preprocessor/cat.hpp
              $PROJECT_HOME/src/boost/preprocessor/variadic/size.hpp
                $PROJECT_HOME/src/boost/preprocessor/cat.hpp
                $PROJECT_HOME/src/boost/preprocessor/config/config.hpp
            $PROJECT_HOME/src/boost/preprocessor/tuple/rem.hpp
              $PROJECT_HOME/src/boost/preprocessor/cat.hpp
              $PROJECT_HOME/src/boost/preprocessor/config/config.hpp
              $PROJECT_HOME/src/boost/preprocessor/facilities/expand.hpp
              $PROJECT_HOME/src/boost/preprocessor/facilities/overload.hpp
              $PROJECT_HOME/src/boost/preprocessor/tuple/detail/is_single_return.hpp
            $PROJECT_HOME/src/boost/preprocessor/variadic/elem.hpp
              $PROJECT_HOME/src/boost/preprocessor/cat.hpp
              $PROJECT_HOME/src/boost/preprocessor/config/config.hpp
          $PROJECT_HOME/src/boost/preprocessor/tuple/size.hpp
            $PROJECT_HOME/src/boost/preprocessor/cat.hpp
            $PROJECT_HOME/src/boost/preprocessor/config/config.hpp
            $PROJECT_HOME/src/boost/preprocessor/variadic/size.hpp
          $PROJECT_HOME/src/boost/preprocessor/arithmetic/dec.hpp
            $PROJECT_HOME/src/boost/preprocessor/config/config.hpp
    $PROJECT_HOME/src/ConvTb.cpp
  
  Processes/Blocks in Design
    Process                                                                  Real Operation(s) count Latency Throughput Reset Length II Comments 
    ------------------------------------------------------------------------ ----------------------- ------- ---------- ------------ -- --------
    /WeightDoubleBuffer<4096,16,16>/WeightDoubleBufferReader<4096,16,16>/run                      71      11         14            1  0        ? 
    /WeightDoubleBuffer<4096,16,16>/WeightDoubleBufferWriter<4096,16,16>/run                      90      22         26            1  0        ? 
    /WeightDoubleBuffer<4096,16,16>/WeightDoubleBuffer<4096,16,16>:run/run                         3       1          2            1  0          
    Design Total:                                                                                164      34         26            1  0          
    
  Clock Information
    Clock Signal Edge   Period Sharing Alloc (%) Uncertainty Used by Processes/Blocks                                                                                                                                                                                                 
    ------------ ------ ------ ----------------- ----------- ------------------------------------------------------------------------------------------------------------------------------------------------------------------------------------------------------------------------
    clk          rising  5.000             20.00    0.000000 /WeightDoubleBuffer<4096,16,16>/WeightDoubleBufferReader<4096,16,16>/run /WeightDoubleBuffer<4096,16,16>/WeightDoubleBufferWriter<4096,16,16>/run /WeightDoubleBuffer<4096,16,16>/WeightDoubleBuffer<4096,16,16>:run/run 
    
  I/O Data Ranges
    Port                Mode DeclType DeclWidth DeclRange ActType ActWidth ActRange 
    ------------------- ---- -------- --------- --------- ------- -------- --------
    clk                 IN   Unsigned         1                                     
    arst_n              IN   Unsigned         1                                     
    weights_in:rsc.dat  IN   Unsigned         8                                     
    weights_in:rsc.vld  IN   Unsigned         1                                     
    weights_out:rsc.rdy IN   Unsigned         1                                     
    paramsIn:rsc.dat    IN   Unsigned       144                                     
    paramsIn:rsc.vld    IN   Unsigned         1                                     
    weights_in:rsc.rdy  OUT  Unsigned         1                                     
    weights_out:rsc.dat OUT  Unsigned       128                                     
    weights_out:rsc.vld OUT  Unsigned         1                                     
    paramsIn:rsc.rdy    OUT  Unsigned         1                                     
    
  Memory Resources
    Resource Name: /WeightDoubleBuffer<4096,16,16>/WeightDoubleBufferWriter<4096,16,16>/run/while:current_buffer.data.value:rsc
      Memory Component: ccs_ram_sync_1R1W            Size:         4096 x 128
      External:         false                        Packing Mode: absolute
      Memory Map:
      Variable                                                                                                 Indices Phys Memory Address        
      -------------------------------------------------------------------------------------------------------- ------- --------------------------
      /WeightDoubleBuffer<4096,16,16>/WeightDoubleBufferWriter<4096,16,16>/run/while:current_buffer.data.value   0:127 00000fff-00000000 (4095-0) 
      
    Resource Name: /WeightDoubleBuffer<4096,16,16>/WeightDoubleBufferWriter<4096,16,16>/paramsIn:rsc
      Memory Component: ccs_in_wait                  Size:         1 x 144
      External:         true                         Packing Mode: sidebyside
      Memory Map:
      Variable                                                                      Indices Phys Memory Address     
      ----------------------------------------------------------------------------- ------- -----------------------
      /WeightDoubleBuffer<4096,16,16>/WeightDoubleBufferWriter<4096,16,16>/paramsIn   0:143 00000000-00000000 (0-0) 
      
    Resource Name: /WeightDoubleBuffer<4096,16,16>/WeightDoubleBufferWriter<4096,16,16>/din:rsc
      Memory Component: ccs_in_wait                  Size:         1 x 8
      External:         true                         Packing Mode: sidebyside
      Memory Map:
      Variable                                                                 Indices Phys Memory Address     
      ------------------------------------------------------------------------ ------- -----------------------
      /WeightDoubleBuffer<4096,16,16>/WeightDoubleBufferWriter<4096,16,16>/din     0:7 00000000-00000000 (0-0) 
      
    Resource Name: /WeightDoubleBuffer<4096,16,16>/WeightDoubleBufferWriter<4096,16,16>/dout:rsc
      Memory Component: ccs_ram_sync_1R1W            Size:         4096 x 128
      External:         true                         Packing Mode: absolute
      Memory Map:
      Variable                                                                  Indices Phys Memory Address        
      ------------------------------------------------------------------------- ------- --------------------------
      /WeightDoubleBuffer<4096,16,16>/WeightDoubleBufferWriter<4096,16,16>/dout   0:127 00000fff-00000000 (4095-0) 
      
    Resource Name: /WeightDoubleBuffer<4096,16,16>/WeightDoubleBufferReader<4096,16,16>/run/while:current_buffer.data.value:rsc
      Memory Component: ccs_ram_sync_1R1W            Size:         4096 x 128
      External:         false                        Packing Mode: absolute
      Memory Map:
      Variable                                                                                                 Indices Phys Memory Address        
      -------------------------------------------------------------------------------------------------------- ------- --------------------------
      /WeightDoubleBuffer<4096,16,16>/WeightDoubleBufferReader<4096,16,16>/run/while:current_buffer.data.value   0:127 00000fff-00000000 (4095-0) 
      
    Resource Name: /WeightDoubleBuffer<4096,16,16>/WeightDoubleBufferReader<4096,16,16>/paramsIn:rsc
      Memory Component: ccs_in_wait                  Size:         1 x 144
      External:         true                         Packing Mode: sidebyside
      Memory Map:
      Variable                                                                      Indices Phys Memory Address     
      ----------------------------------------------------------------------------- ------- -----------------------
      /WeightDoubleBuffer<4096,16,16>/WeightDoubleBufferReader<4096,16,16>/paramsIn   0:143 00000000-00000000 (0-0) 
      
    Resource Name: /WeightDoubleBuffer<4096,16,16>/WeightDoubleBufferReader<4096,16,16>/din:rsc
      Memory Component: ccs_ram_sync_1R1W            Size:         4096 x 128
      External:         true                         Packing Mode: absolute
      Memory Map:
      Variable                                                                 Indices Phys Memory Address        
      ------------------------------------------------------------------------ ------- --------------------------
      /WeightDoubleBuffer<4096,16,16>/WeightDoubleBufferReader<4096,16,16>/din   0:127 00000fff-00000000 (4095-0) 
      
    Resource Name: /WeightDoubleBuffer<4096,16,16>/WeightDoubleBufferReader<4096,16,16>/dout:rsc
      Memory Component: ccs_out_wait                 Size:         1 x 128
      External:         true                         Packing Mode: sidebyside
      Memory Map:
      Variable                                                                  Indices Phys Memory Address     
      ------------------------------------------------------------------------- ------- -----------------------
      /WeightDoubleBuffer<4096,16,16>/WeightDoubleBufferReader<4096,16,16>/dout   0:127 00000000-00000000 (0-0) 
      
    Resource Name: /WeightDoubleBuffer<4096,16,16>/WeightDoubleBuffer<4096,16,16>:run/paramsIn:rsc
      Memory Component: ccs_in_wait                  Size:         1 x 144
      External:         true                         Packing Mode: sidebyside
      Memory Map:
      Variable                                                                    Indices Phys Memory Address     
      --------------------------------------------------------------------------- ------- -----------------------
      /WeightDoubleBuffer<4096,16,16>/WeightDoubleBuffer<4096,16,16>:run/paramsIn   0:143 00000000-00000000 (0-0) 
      
    Resource Name: /WeightDoubleBuffer<4096,16,16>/WeightDoubleBuffer<4096,16,16>:run/weightDoubleBufferWriterParams:cns
      Memory Component: ccs_out_wait                 Size:         1 x 144
      External:         true                         Packing Mode: sidebyside
      Memory Map:
      Variable                                                                                          Indices Phys Memory Address     
      ------------------------------------------------------------------------------------------------- ------- -----------------------
      /WeightDoubleBuffer<4096,16,16>/WeightDoubleBuffer<4096,16,16>:run/weightDoubleBufferWriterParams   0:143 00000000-00000000 (0-0) 
      
    Resource Name: /WeightDoubleBuffer<4096,16,16>/WeightDoubleBuffer<4096,16,16>:run/weightDoubleBufferReaderParams:cns
      Memory Component: ccs_out_wait                 Size:         1 x 144
      External:         true                         Packing Mode: sidebyside
      Memory Map:
      Variable                                                                                          Indices Phys Memory Address     
      ------------------------------------------------------------------------------------------------- ------- -----------------------
      /WeightDoubleBuffer<4096,16,16>/WeightDoubleBuffer<4096,16,16>:run/weightDoubleBufferReaderParams   0:143 00000000-00000000 (0-0) 
      
    Resource Name: /WeightDoubleBuffer<4096,16,16>/weights_in:rsc
      Memory Component: ccs_in_wait                  Size:         1 x 8
      External:         true                         Packing Mode: sidebyside
      Memory Map:
      Variable                                   Indices Phys Memory Address     
      ------------------------------------------ ------- -----------------------
      /WeightDoubleBuffer<4096,16,16>/weights_in     0:7 00000000-00000000 (0-0) 
      
    Resource Name: /WeightDoubleBuffer<4096,16,16>/weights_out:rsc
      Memory Component: ccs_out_wait                 Size:         1 x 128
      External:         true                         Packing Mode: sidebyside
      Memory Map:
      Variable                                    Indices Phys Memory Address     
      ------------------------------------------- ------- -----------------------
      /WeightDoubleBuffer<4096,16,16>/weights_out   0:127 00000000-00000000 (0-0) 
      
    Resource Name: /WeightDoubleBuffer<4096,16,16>/paramsIn:rsc
      Memory Component: ccs_in_wait                  Size:         1 x 144
      External:         true                         Packing Mode: sidebyside
      Memory Map:
      Variable                                 Indices Phys Memory Address     
      ---------------------------------------- ------- -----------------------
      /WeightDoubleBuffer<4096,16,16>/paramsIn   0:143 00000000-00000000 (0-0) 
      
    Resource Name: /WeightDoubleBuffer<4096,16,16>/mem:cns
      Memory Component: ccs_ram_sync_1R1W            Size:         4096 x 128
      External:         false                        Packing Mode: absolute
      Memory Map:
      Variable                            Indices Phys Memory Address        
      ----------------------------------- ------- --------------------------
      /WeightDoubleBuffer<4096,16,16>/mem   0:127 00000fff-00000000 (4095-0) 
      
    Resource Name: /WeightDoubleBuffer<4096,16,16>/weightDoubleBufferWriterParams:cns
      Memory Component: ccs_pipe                     Size:         1 x 144
      External:         false                        Packing Mode: sidebyside
      Memory Map:
      Variable                                                       Indices Phys Memory Address     
      -------------------------------------------------------------- ------- -----------------------
      /WeightDoubleBuffer<4096,16,16>/weightDoubleBufferWriterParams   0:143 00000000-00000000 (0-0) 
      
    Resource Name: /WeightDoubleBuffer<4096,16,16>/weightDoubleBufferReaderParams:cns
      Memory Component: ccs_pipe                     Size:         1 x 144
      External:         false                        Packing Mode: sidebyside
      Memory Map:
      Variable                                                       Indices Phys Memory Address     
      -------------------------------------------------------------- ------- -----------------------
      /WeightDoubleBuffer<4096,16,16>/weightDoubleBufferReaderParams   0:143 00000000-00000000 (0-0) 
      
  C++ to Interface Mappings
    C++ Field                                                 Interface Range            Range Expression                     Expression Limits 
    --------------------------------------------------------- -------------------------- ------------------------------------ -----------------
    /WeightDoubleBuffer<4096,16,16>/weights_out.chan.value[M] weights_out_rsc_dat[127:0] weights_out_rsc_dat[(M)*8+8-1:(M)*8] M<16              
    /WeightDoubleBuffer<4096,16,16>/paramsIn.OY1              paramsIn_rsc_dat[15:0]                                                            
    /WeightDoubleBuffer<4096,16,16>/paramsIn.OX1              paramsIn_rsc_dat[31:16]                                                           
    /WeightDoubleBuffer<4096,16,16>/paramsIn.OY0              paramsIn_rsc_dat[47:32]                                                           
    /WeightDoubleBuffer<4096,16,16>/paramsIn.OX0              paramsIn_rsc_dat[63:48]                                                           
    /WeightDoubleBuffer<4096,16,16>/paramsIn.OC1              paramsIn_rsc_dat[79:64]                                                           
    /WeightDoubleBuffer<4096,16,16>/paramsIn.IC1              paramsIn_rsc_dat[95:80]                                                           
    /WeightDoubleBuffer<4096,16,16>/paramsIn.FX               paramsIn_rsc_dat[111:96]                                                          
    /WeightDoubleBuffer<4096,16,16>/paramsIn.FY               paramsIn_rsc_dat[127:112]                                                         
    /WeightDoubleBuffer<4096,16,16>/paramsIn.STRIDE           paramsIn_rsc_dat[143:128]                                                         
    
  Multi-Cycle (Combinational) Component Usage
    Instance Component Name Delay 
    -------- -------------- -----
    
  Loops
    Process                                                                  Loop                     Iterations C-Steps Total Cycles   Duration  Unroll Init Comments 
    ------------------------------------------------------------------------ ------------------------ ---------- ------- ------------- ---------- ------ ---- --------
    /WeightDoubleBuffer<4096,16,16>/WeightDoubleBufferReader<4096,16,16>/run run:rlp                    Infinite       1         15 ?   75.00 ns                       
    /WeightDoubleBuffer<4096,16,16>/WeightDoubleBufferReader<4096,16,16>/run  main                      Infinite       4         14 ?   70.00 ns                       
    /WeightDoubleBuffer<4096,16,16>/WeightDoubleBufferReader<4096,16,16>/run   while                           ?       2         10 ?   50.00 ns                       
    /WeightDoubleBuffer<4096,16,16>/WeightDoubleBufferReader<4096,16,16>/run    while:while                    ?       4          8 ?   40.00 ns                       
    /WeightDoubleBuffer<4096,16,16>/WeightDoubleBufferReader<4096,16,16>/run     while:while:for               ?       4          4 ?   20.00 ns            1          
    /WeightDoubleBuffer<4096,16,16>/WeightDoubleBufferWriter<4096,16,16>/run run:rlp                    Infinite       1         27 ?  135.00 ns                       
    /WeightDoubleBuffer<4096,16,16>/WeightDoubleBufferWriter<4096,16,16>/run  main                      Infinite       3         26 ?  130.00 ns                       
    /WeightDoubleBuffer<4096,16,16>/WeightDoubleBufferWriter<4096,16,16>/run   while                           ?       2         23 ?  115.00 ns                       
    /WeightDoubleBuffer<4096,16,16>/WeightDoubleBufferWriter<4096,16,16>/run    while:while                    ?       3         21 ?  105.00 ns                       
    /WeightDoubleBuffer<4096,16,16>/WeightDoubleBufferWriter<4096,16,16>/run     while:while:for               ?       2         18 ?   90.00 ns                       
    /WeightDoubleBuffer<4096,16,16>/WeightDoubleBufferWriter<4096,16,16>/run      while:while:for:for         16       1           16   80.00 ns            1          
    /WeightDoubleBuffer<4096,16,16>/WeightDoubleBuffer<4096,16,16>:run/run   run:rlp                    Infinite       1            3   15.00 ns                       
    /WeightDoubleBuffer<4096,16,16>/WeightDoubleBuffer<4096,16,16>:run/run    main                      Infinite       2            2   10.00 ns                       
    
  Loop Execution Profile
    Process                                                                  Loop                     Total Cycles % of Overall Design Cycles Throughput Cycles Comments 
    ------------------------------------------------------------------------ ------------------------ ------------ -------------------------- ----------------- --------
    /WeightDoubleBuffer<4096,16,16>/WeightDoubleBufferReader<4096,16,16>/run run:rlp                          1 ?                        6.67             14 ?           
    /WeightDoubleBuffer<4096,16,16>/WeightDoubleBufferReader<4096,16,16>/run  main                            4 ?                       26.67             14 ?           
    /WeightDoubleBuffer<4096,16,16>/WeightDoubleBufferReader<4096,16,16>/run   while                          2 ?                       13.33             10 ?           
    /WeightDoubleBuffer<4096,16,16>/WeightDoubleBufferReader<4096,16,16>/run    while:while                   4 ?                       26.67              8 ?           
    /WeightDoubleBuffer<4096,16,16>/WeightDoubleBufferReader<4096,16,16>/run     while:while:for              4 ?                       26.67              1 ?           
    /WeightDoubleBuffer<4096,16,16>/WeightDoubleBufferWriter<4096,16,16>/run run:rlp                          1 ?                        3.70             26 ?           
    /WeightDoubleBuffer<4096,16,16>/WeightDoubleBufferWriter<4096,16,16>/run  main                            3 ?                       11.11             26 ?           
    /WeightDoubleBuffer<4096,16,16>/WeightDoubleBufferWriter<4096,16,16>/run   while                          2 ?                        7.41             23 ?           
    /WeightDoubleBuffer<4096,16,16>/WeightDoubleBufferWriter<4096,16,16>/run    while:while                   3 ?                       11.11             21 ?           
    /WeightDoubleBuffer<4096,16,16>/WeightDoubleBufferWriter<4096,16,16>/run     while:while:for              2 ?                        7.41             18 ?           
    /WeightDoubleBuffer<4096,16,16>/WeightDoubleBufferWriter<4096,16,16>/run      while:while:for:for          16                       59.26                1           
    /WeightDoubleBuffer<4096,16,16>/WeightDoubleBuffer<4096,16,16>:run/run   run:rlp                            1                       33.33                2           
    /WeightDoubleBuffer<4096,16,16>/WeightDoubleBuffer<4096,16,16>:run/run    main                              2                       66.67                2           
    
  End of Report
