-- Catapult Ultra Synthesis: Report                                              
-- ------------------------- ---------------------------------------------------
-- Version:                  10.4b/841621 Production Release                     
-- Build Date:               Thu Oct 24 17:20:07 PDT 2019                        
                                                                                 
-- Generated by:             ctorng@caddy01                                      
-- Generated date:           Sun Sep 25 22:01:31 PDT 2022                        

Solution Settings: SystolicArrayCore<IDTYPE,WDTYPE,ODTYPE,16,16>.v5
  Current state: schedule
  Project: build
  
  Design Input Files Specified
    $PROJECT_HOME/src/Conv.cpp
      $PROJECT_HOME/src/conv.h
        $MGC_HOME/shared/include/ac_int.h
        $MGC_HOME/shared/include/ac_channel.h
      $MGC_HOME/shared/include/mc_scverify.h
      $PROJECT_HOME/src/Serializer.h
      $PROJECT_HOME/src/Deserializer.h
      $PROJECT_HOME/src/InputDoubleBuffer.h
      $PROJECT_HOME/src/WeightDoubleBuffer.h
      $PROJECT_HOME/src/SystolicArray.h
        $PROJECT_HOME/src/ProcessingElement.h
          $MGC_HOME/shared/include/mc_scverify.h
        $PROJECT_HOME/src/Fifo.h
          $MGC_HOME/shared/include/mc_scverify.h
        $PROJECT_HOME/src/SystolicArrayCore.h
          $PROJECT_HOME/src/boost/preprocessor/repetition/repeat.hpp
            $PROJECT_HOME/src/boost/preprocessor/cat.hpp
            $PROJECT_HOME/src/boost/preprocessor/debug/error.hpp
              $PROJECT_HOME/src/boost/preprocessor/cat.hpp
              $PROJECT_HOME/src/boost/preprocessor/config/config.hpp
            $PROJECT_HOME/src/boost/preprocessor/detail/auto_rec.hpp
              $PROJECT_HOME/src/boost/preprocessor/config/config.hpp
              $PROJECT_HOME/src/boost/preprocessor/control/iif.hpp
                $PROJECT_HOME/src/boost/preprocessor/config/config.hpp
            $PROJECT_HOME/src/boost/preprocessor/tuple/eat.hpp
              $PROJECT_HOME/src/boost/preprocessor/config/config.hpp
          $PROJECT_HOME/src/boost/preprocessor/punctuation/comma_if.hpp
            $PROJECT_HOME/src/boost/preprocessor/config/config.hpp
            $PROJECT_HOME/src/boost/preprocessor/control/if.hpp
            $PROJECT_HOME/src/boost/preprocessor/facilities/empty.hpp
              $PROJECT_HOME/src/boost/preprocessor/config/config.hpp
            $PROJECT_HOME/src/boost/preprocessor/punctuation/comma.hpp
          $PROJECT_HOME/src/boost/preprocessor/arithmetic/inc.hpp
            $PROJECT_HOME/src/boost/preprocessor/config/config.hpp
          $PROJECT_HOME/src/boost/preprocessor/comparison/not_equal.hpp
            $PROJECT_HOME/src/boost/preprocessor/cat.hpp
            $PROJECT_HOME/src/boost/preprocessor/config/config.hpp
            $PROJECT_HOME/src/boost/preprocessor/control/iif.hpp
          $PROJECT_HOME/src/boost/preprocessor/repetition/for.hpp
            $PROJECT_HOME/src/boost/preprocessor/cat.hpp
            $PROJECT_HOME/src/boost/preprocessor/debug/error.hpp
            $PROJECT_HOME/src/boost/preprocessor/facilities/empty.hpp
            $PROJECT_HOME/src/boost/preprocessor/logical/bool.hpp
            $PROJECT_HOME/src/boost/preprocessor/detail/auto_rec.hpp
              $PROJECT_HOME/src/boost/preprocessor/config/config.hpp
            $PROJECT_HOME/src/boost/preprocessor/repetition/detail/edg/for.hpp
              $PROJECT_HOME/src/boost/preprocessor/control/if.hpp
              $PROJECT_HOME/src/boost/preprocessor/tuple/eat.hpp
          $PROJECT_HOME/src/boost/preprocessor/tuple/elem.hpp
            $PROJECT_HOME/src/boost/preprocessor/cat.hpp
            $PROJECT_HOME/src/boost/preprocessor/config/config.hpp
            $PROJECT_HOME/src/boost/preprocessor/facilities/expand.hpp
              $PROJECT_HOME/src/boost/preprocessor/config/config.hpp
            $PROJECT_HOME/src/boost/preprocessor/facilities/overload.hpp
              $PROJECT_HOME/src/boost/preprocessor/cat.hpp
              $PROJECT_HOME/src/boost/preprocessor/variadic/size.hpp
                $PROJECT_HOME/src/boost/preprocessor/cat.hpp
                $PROJECT_HOME/src/boost/preprocessor/config/config.hpp
            $PROJECT_HOME/src/boost/preprocessor/tuple/rem.hpp
              $PROJECT_HOME/src/boost/preprocessor/cat.hpp
              $PROJECT_HOME/src/boost/preprocessor/config/config.hpp
              $PROJECT_HOME/src/boost/preprocessor/facilities/expand.hpp
              $PROJECT_HOME/src/boost/preprocessor/facilities/overload.hpp
              $PROJECT_HOME/src/boost/preprocessor/tuple/detail/is_single_return.hpp
            $PROJECT_HOME/src/boost/preprocessor/variadic/elem.hpp
              $PROJECT_HOME/src/boost/preprocessor/cat.hpp
              $PROJECT_HOME/src/boost/preprocessor/config/config.hpp
          $PROJECT_HOME/src/boost/preprocessor/tuple/size.hpp
            $PROJECT_HOME/src/boost/preprocessor/cat.hpp
            $PROJECT_HOME/src/boost/preprocessor/config/config.hpp
            $PROJECT_HOME/src/boost/preprocessor/variadic/size.hpp
          $PROJECT_HOME/src/boost/preprocessor/arithmetic/dec.hpp
            $PROJECT_HOME/src/boost/preprocessor/config/config.hpp
    $PROJECT_HOME/src/ConvTb.cpp
  
  Processes/Blocks in Design
    Process                                            Real Operation(s) count Latency Throughput Reset Length II Comments 
    -------------------------------------------------- ----------------------- ------- ---------- ------------ -- --------
    /SystolicArrayCore<IDTYPE,WDTYPE,ODTYPE,16,16>/run                     956       4          1            1  0        ? 
    Design Total:                                                          956       4          1            1  1          
    
  Clock Information
    Clock Signal Edge   Period Sharing Alloc (%) Uncertainty Used by Processes/Blocks                           
    ------------ ------ ------ ----------------- ----------- --------------------------------------------------
    clk          rising  5.000              0.00    0.000000 /SystolicArrayCore<IDTYPE,WDTYPE,ODTYPE,16,16>/run 
    
  I/O Data Ranges
    Port                  Mode DeclType DeclWidth DeclRange ActType ActWidth ActRange 
    --------------------- ---- -------- --------- --------- ------- -------- --------
    clk                   IN   Unsigned         1                                     
    arst_n                IN   Unsigned         1                                     
    input:rsc.dat         IN   Unsigned       128                                     
    input:rsc.vld         IN   Unsigned         1                                     
    weight:rsc.dat        IN   Unsigned       128                                     
    weight:rsc.vld        IN   Unsigned         1                                     
    output:rsc.rdy        IN   Unsigned         1                                     
    paramsIn:rsc.dat      IN   Unsigned       144                                     
    paramsIn:rsc.vld      IN   Unsigned         1                                     
    loopIndicesIn:rsc.dat IN   Unsigned        48                                     
    loopIndicesIn:rsc.vld IN   Unsigned         1                                     
    input:rsc.rdy         OUT  Unsigned         1                                     
    weight:rsc.rdy        OUT  Unsigned         1                                     
    output:rsc.dat        OUT  Unsigned       256                                     
    output:rsc.vld        OUT  Unsigned         1                                     
    paramsIn:rsc.rdy      OUT  Unsigned         1                                     
    loopIndicesIn:rsc.rdy OUT  Unsigned         1                                     
    
  Memory Resources
    Resource Name: /SystolicArrayCore<IDTYPE,WDTYPE,ODTYPE,16,16>/Fifo<IDTYPE,1>/input:rsc
      Memory Component: ccs_in                       Size:         1 x 8
      External:         true                         Packing Mode: sidebyside
      Memory Map:
      Variable                                                            Indices Phys Memory Address     
      ------------------------------------------------------------------- ------- -----------------------
      /SystolicArrayCore<IDTYPE,WDTYPE,ODTYPE,16,16>/Fifo<IDTYPE,1>/input     0:7 00000000-00000000 (0-0) 
      
    Resource Name: /SystolicArrayCore<IDTYPE,WDTYPE,ODTYPE,16,16>/Fifo<IDTYPE,1>/output:rsc
      Memory Component: mgc_out_dreg                 Size:         1 x 8
      External:         true                         Packing Mode: sidebyside
      Memory Map:
      Variable                                                             Indices Phys Memory Address     
      -------------------------------------------------------------------- ------- -----------------------
      /SystolicArrayCore<IDTYPE,WDTYPE,ODTYPE,16,16>/Fifo<IDTYPE,1>/output     0:7 00000000-00000000 (0-0) 
      
    Resource Name: /SystolicArrayCore<IDTYPE,WDTYPE,ODTYPE,16,16>/Fifo<IDTYPE,1>/ccs_ccore_start:rsc
      Memory Component: ccs_in                       Size:         1 x 1
      External:         true                         Packing Mode: sidebyside
      Memory Map:
      Variable                                                                      Indices Phys Memory Address     
      ----------------------------------------------------------------------------- ------- -----------------------
      /SystolicArrayCore<IDTYPE,WDTYPE,ODTYPE,16,16>/Fifo<IDTYPE,1>/ccs_ccore_start     0:0 00000000-00000000 (0-0) 
      
    Resource Name: /SystolicArrayCore<IDTYPE,WDTYPE,ODTYPE,16,16>/Fifo<IDTYPE,2>/input:rsc
      Memory Component: ccs_in                       Size:         1 x 8
      External:         true                         Packing Mode: sidebyside
      Memory Map:
      Variable                                                            Indices Phys Memory Address     
      ------------------------------------------------------------------- ------- -----------------------
      /SystolicArrayCore<IDTYPE,WDTYPE,ODTYPE,16,16>/Fifo<IDTYPE,2>/input     0:7 00000000-00000000 (0-0) 
      
    Resource Name: /SystolicArrayCore<IDTYPE,WDTYPE,ODTYPE,16,16>/Fifo<IDTYPE,2>/output:rsc
      Memory Component: mgc_out_dreg                 Size:         1 x 8
      External:         true                         Packing Mode: sidebyside
      Memory Map:
      Variable                                                             Indices Phys Memory Address     
      -------------------------------------------------------------------- ------- -----------------------
      /SystolicArrayCore<IDTYPE,WDTYPE,ODTYPE,16,16>/Fifo<IDTYPE,2>/output     0:7 00000000-00000000 (0-0) 
      
    Resource Name: /SystolicArrayCore<IDTYPE,WDTYPE,ODTYPE,16,16>/Fifo<IDTYPE,2>/ccs_ccore_start:rsc
      Memory Component: ccs_in                       Size:         1 x 1
      External:         true                         Packing Mode: sidebyside
      Memory Map:
      Variable                                                                      Indices Phys Memory Address     
      ----------------------------------------------------------------------------- ------- -----------------------
      /SystolicArrayCore<IDTYPE,WDTYPE,ODTYPE,16,16>/Fifo<IDTYPE,2>/ccs_ccore_start     0:0 00000000-00000000 (0-0) 
      
    Resource Name: /SystolicArrayCore<IDTYPE,WDTYPE,ODTYPE,16,16>/Fifo<IDTYPE,3>/input:rsc
      Memory Component: ccs_in                       Size:         1 x 8
      External:         true                         Packing Mode: sidebyside
      Memory Map:
      Variable                                                            Indices Phys Memory Address     
      ------------------------------------------------------------------- ------- -----------------------
      /SystolicArrayCore<IDTYPE,WDTYPE,ODTYPE,16,16>/Fifo<IDTYPE,3>/input     0:7 00000000-00000000 (0-0) 
      
    Resource Name: /SystolicArrayCore<IDTYPE,WDTYPE,ODTYPE,16,16>/Fifo<IDTYPE,3>/output:rsc
      Memory Component: mgc_out_dreg                 Size:         1 x 8
      External:         true                         Packing Mode: sidebyside
      Memory Map:
      Variable                                                             Indices Phys Memory Address     
      -------------------------------------------------------------------- ------- -----------------------
      /SystolicArrayCore<IDTYPE,WDTYPE,ODTYPE,16,16>/Fifo<IDTYPE,3>/output     0:7 00000000-00000000 (0-0) 
      
    Resource Name: /SystolicArrayCore<IDTYPE,WDTYPE,ODTYPE,16,16>/Fifo<IDTYPE,3>/ccs_ccore_start:rsc
      Memory Component: ccs_in                       Size:         1 x 1
      External:         true                         Packing Mode: sidebyside
      Memory Map:
      Variable                                                                      Indices Phys Memory Address     
      ----------------------------------------------------------------------------- ------- -----------------------
      /SystolicArrayCore<IDTYPE,WDTYPE,ODTYPE,16,16>/Fifo<IDTYPE,3>/ccs_ccore_start     0:0 00000000-00000000 (0-0) 
      
    Resource Name: /SystolicArrayCore<IDTYPE,WDTYPE,ODTYPE,16,16>/Fifo<IDTYPE,4>/input:rsc
      Memory Component: ccs_in                       Size:         1 x 8
      External:         true                         Packing Mode: sidebyside
      Memory Map:
      Variable                                                            Indices Phys Memory Address     
      ------------------------------------------------------------------- ------- -----------------------
      /SystolicArrayCore<IDTYPE,WDTYPE,ODTYPE,16,16>/Fifo<IDTYPE,4>/input     0:7 00000000-00000000 (0-0) 
      
    Resource Name: /SystolicArrayCore<IDTYPE,WDTYPE,ODTYPE,16,16>/Fifo<IDTYPE,4>/output:rsc
      Memory Component: mgc_out_dreg                 Size:         1 x 8
      External:         true                         Packing Mode: sidebyside
      Memory Map:
      Variable                                                             Indices Phys Memory Address     
      -------------------------------------------------------------------- ------- -----------------------
      /SystolicArrayCore<IDTYPE,WDTYPE,ODTYPE,16,16>/Fifo<IDTYPE,4>/output     0:7 00000000-00000000 (0-0) 
      
    Resource Name: /SystolicArrayCore<IDTYPE,WDTYPE,ODTYPE,16,16>/Fifo<IDTYPE,4>/ccs_ccore_start:rsc
      Memory Component: ccs_in                       Size:         1 x 1
      External:         true                         Packing Mode: sidebyside
      Memory Map:
      Variable                                                                      Indices Phys Memory Address     
      ----------------------------------------------------------------------------- ------- -----------------------
      /SystolicArrayCore<IDTYPE,WDTYPE,ODTYPE,16,16>/Fifo<IDTYPE,4>/ccs_ccore_start     0:0 00000000-00000000 (0-0) 
      
    Resource Name: /SystolicArrayCore<IDTYPE,WDTYPE,ODTYPE,16,16>/Fifo<IDTYPE,5>/input:rsc
      Memory Component: ccs_in                       Size:         1 x 8
      External:         true                         Packing Mode: sidebyside
      Memory Map:
      Variable                                                            Indices Phys Memory Address     
      ------------------------------------------------------------------- ------- -----------------------
      /SystolicArrayCore<IDTYPE,WDTYPE,ODTYPE,16,16>/Fifo<IDTYPE,5>/input     0:7 00000000-00000000 (0-0) 
      
    Resource Name: /SystolicArrayCore<IDTYPE,WDTYPE,ODTYPE,16,16>/Fifo<IDTYPE,5>/output:rsc
      Memory Component: mgc_out_dreg                 Size:         1 x 8
      External:         true                         Packing Mode: sidebyside
      Memory Map:
      Variable                                                             Indices Phys Memory Address     
      -------------------------------------------------------------------- ------- -----------------------
      /SystolicArrayCore<IDTYPE,WDTYPE,ODTYPE,16,16>/Fifo<IDTYPE,5>/output     0:7 00000000-00000000 (0-0) 
      
    Resource Name: /SystolicArrayCore<IDTYPE,WDTYPE,ODTYPE,16,16>/Fifo<IDTYPE,5>/ccs_ccore_start:rsc
      Memory Component: ccs_in                       Size:         1 x 1
      External:         true                         Packing Mode: sidebyside
      Memory Map:
      Variable                                                                      Indices Phys Memory Address     
      ----------------------------------------------------------------------------- ------- -----------------------
      /SystolicArrayCore<IDTYPE,WDTYPE,ODTYPE,16,16>/Fifo<IDTYPE,5>/ccs_ccore_start     0:0 00000000-00000000 (0-0) 
      
    Resource Name: /SystolicArrayCore<IDTYPE,WDTYPE,ODTYPE,16,16>/Fifo<IDTYPE,6>/input:rsc
      Memory Component: ccs_in                       Size:         1 x 8
      External:         true                         Packing Mode: sidebyside
      Memory Map:
      Variable                                                            Indices Phys Memory Address     
      ------------------------------------------------------------------- ------- -----------------------
      /SystolicArrayCore<IDTYPE,WDTYPE,ODTYPE,16,16>/Fifo<IDTYPE,6>/input     0:7 00000000-00000000 (0-0) 
      
    Resource Name: /SystolicArrayCore<IDTYPE,WDTYPE,ODTYPE,16,16>/Fifo<IDTYPE,6>/output:rsc
      Memory Component: mgc_out_dreg                 Size:         1 x 8
      External:         true                         Packing Mode: sidebyside
      Memory Map:
      Variable                                                             Indices Phys Memory Address     
      -------------------------------------------------------------------- ------- -----------------------
      /SystolicArrayCore<IDTYPE,WDTYPE,ODTYPE,16,16>/Fifo<IDTYPE,6>/output     0:7 00000000-00000000 (0-0) 
      
    Resource Name: /SystolicArrayCore<IDTYPE,WDTYPE,ODTYPE,16,16>/Fifo<IDTYPE,6>/ccs_ccore_start:rsc
      Memory Component: ccs_in                       Size:         1 x 1
      External:         true                         Packing Mode: sidebyside
      Memory Map:
      Variable                                                                      Indices Phys Memory Address     
      ----------------------------------------------------------------------------- ------- -----------------------
      /SystolicArrayCore<IDTYPE,WDTYPE,ODTYPE,16,16>/Fifo<IDTYPE,6>/ccs_ccore_start     0:0 00000000-00000000 (0-0) 
      
    Resource Name: /SystolicArrayCore<IDTYPE,WDTYPE,ODTYPE,16,16>/Fifo<IDTYPE,7>/input:rsc
      Memory Component: ccs_in                       Size:         1 x 8
      External:         true                         Packing Mode: sidebyside
      Memory Map:
      Variable                                                            Indices Phys Memory Address     
      ------------------------------------------------------------------- ------- -----------------------
      /SystolicArrayCore<IDTYPE,WDTYPE,ODTYPE,16,16>/Fifo<IDTYPE,7>/input     0:7 00000000-00000000 (0-0) 
      
    Resource Name: /SystolicArrayCore<IDTYPE,WDTYPE,ODTYPE,16,16>/Fifo<IDTYPE,7>/output:rsc
      Memory Component: mgc_out_dreg                 Size:         1 x 8
      External:         true                         Packing Mode: sidebyside
      Memory Map:
      Variable                                                             Indices Phys Memory Address     
      -------------------------------------------------------------------- ------- -----------------------
      /SystolicArrayCore<IDTYPE,WDTYPE,ODTYPE,16,16>/Fifo<IDTYPE,7>/output     0:7 00000000-00000000 (0-0) 
      
    Resource Name: /SystolicArrayCore<IDTYPE,WDTYPE,ODTYPE,16,16>/Fifo<IDTYPE,7>/ccs_ccore_start:rsc
      Memory Component: ccs_in                       Size:         1 x 1
      External:         true                         Packing Mode: sidebyside
      Memory Map:
      Variable                                                                      Indices Phys Memory Address     
      ----------------------------------------------------------------------------- ------- -----------------------
      /SystolicArrayCore<IDTYPE,WDTYPE,ODTYPE,16,16>/Fifo<IDTYPE,7>/ccs_ccore_start     0:0 00000000-00000000 (0-0) 
      
    Resource Name: /SystolicArrayCore<IDTYPE,WDTYPE,ODTYPE,16,16>/Fifo<IDTYPE,8>/input:rsc
      Memory Component: ccs_in                       Size:         1 x 8
      External:         true                         Packing Mode: sidebyside
      Memory Map:
      Variable                                                            Indices Phys Memory Address     
      ------------------------------------------------------------------- ------- -----------------------
      /SystolicArrayCore<IDTYPE,WDTYPE,ODTYPE,16,16>/Fifo<IDTYPE,8>/input     0:7 00000000-00000000 (0-0) 
      
    Resource Name: /SystolicArrayCore<IDTYPE,WDTYPE,ODTYPE,16,16>/Fifo<IDTYPE,8>/output:rsc
      Memory Component: mgc_out_dreg                 Size:         1 x 8
      External:         true                         Packing Mode: sidebyside
      Memory Map:
      Variable                                                             Indices Phys Memory Address     
      -------------------------------------------------------------------- ------- -----------------------
      /SystolicArrayCore<IDTYPE,WDTYPE,ODTYPE,16,16>/Fifo<IDTYPE,8>/output     0:7 00000000-00000000 (0-0) 
      
    Resource Name: /SystolicArrayCore<IDTYPE,WDTYPE,ODTYPE,16,16>/Fifo<IDTYPE,8>/ccs_ccore_start:rsc
      Memory Component: ccs_in                       Size:         1 x 1
      External:         true                         Packing Mode: sidebyside
      Memory Map:
      Variable                                                                      Indices Phys Memory Address     
      ----------------------------------------------------------------------------- ------- -----------------------
      /SystolicArrayCore<IDTYPE,WDTYPE,ODTYPE,16,16>/Fifo<IDTYPE,8>/ccs_ccore_start     0:0 00000000-00000000 (0-0) 
      
    Resource Name: /SystolicArrayCore<IDTYPE,WDTYPE,ODTYPE,16,16>/Fifo<IDTYPE,9>/input:rsc
      Memory Component: ccs_in                       Size:         1 x 8
      External:         true                         Packing Mode: sidebyside
      Memory Map:
      Variable                                                            Indices Phys Memory Address     
      ------------------------------------------------------------------- ------- -----------------------
      /SystolicArrayCore<IDTYPE,WDTYPE,ODTYPE,16,16>/Fifo<IDTYPE,9>/input     0:7 00000000-00000000 (0-0) 
      
    Resource Name: /SystolicArrayCore<IDTYPE,WDTYPE,ODTYPE,16,16>/Fifo<IDTYPE,9>/output:rsc
      Memory Component: mgc_out_dreg                 Size:         1 x 8
      External:         true                         Packing Mode: sidebyside
      Memory Map:
      Variable                                                             Indices Phys Memory Address     
      -------------------------------------------------------------------- ------- -----------------------
      /SystolicArrayCore<IDTYPE,WDTYPE,ODTYPE,16,16>/Fifo<IDTYPE,9>/output     0:7 00000000-00000000 (0-0) 
      
    Resource Name: /SystolicArrayCore<IDTYPE,WDTYPE,ODTYPE,16,16>/Fifo<IDTYPE,9>/ccs_ccore_start:rsc
      Memory Component: ccs_in                       Size:         1 x 1
      External:         true                         Packing Mode: sidebyside
      Memory Map:
      Variable                                                                      Indices Phys Memory Address     
      ----------------------------------------------------------------------------- ------- -----------------------
      /SystolicArrayCore<IDTYPE,WDTYPE,ODTYPE,16,16>/Fifo<IDTYPE,9>/ccs_ccore_start     0:0 00000000-00000000 (0-0) 
      
    Resource Name: /SystolicArrayCore<IDTYPE,WDTYPE,ODTYPE,16,16>/Fifo<IDTYPE,10>/input:rsc
      Memory Component: ccs_in                       Size:         1 x 8
      External:         true                         Packing Mode: sidebyside
      Memory Map:
      Variable                                                             Indices Phys Memory Address     
      -------------------------------------------------------------------- ------- -----------------------
      /SystolicArrayCore<IDTYPE,WDTYPE,ODTYPE,16,16>/Fifo<IDTYPE,10>/input     0:7 00000000-00000000 (0-0) 
      
    Resource Name: /SystolicArrayCore<IDTYPE,WDTYPE,ODTYPE,16,16>/Fifo<IDTYPE,10>/output:rsc
      Memory Component: mgc_out_dreg                 Size:         1 x 8
      External:         true                         Packing Mode: sidebyside
      Memory Map:
      Variable                                                              Indices Phys Memory Address     
      --------------------------------------------------------------------- ------- -----------------------
      /SystolicArrayCore<IDTYPE,WDTYPE,ODTYPE,16,16>/Fifo<IDTYPE,10>/output     0:7 00000000-00000000 (0-0) 
      
    Resource Name: /SystolicArrayCore<IDTYPE,WDTYPE,ODTYPE,16,16>/Fifo<IDTYPE,10>/ccs_ccore_start:rsc
      Memory Component: ccs_in                       Size:         1 x 1
      External:         true                         Packing Mode: sidebyside
      Memory Map:
      Variable                                                                       Indices Phys Memory Address     
      ------------------------------------------------------------------------------ ------- -----------------------
      /SystolicArrayCore<IDTYPE,WDTYPE,ODTYPE,16,16>/Fifo<IDTYPE,10>/ccs_ccore_start     0:0 00000000-00000000 (0-0) 
      
    Resource Name: /SystolicArrayCore<IDTYPE,WDTYPE,ODTYPE,16,16>/Fifo<IDTYPE,11>/input:rsc
      Memory Component: ccs_in                       Size:         1 x 8
      External:         true                         Packing Mode: sidebyside
      Memory Map:
      Variable                                                             Indices Phys Memory Address     
      -------------------------------------------------------------------- ------- -----------------------
      /SystolicArrayCore<IDTYPE,WDTYPE,ODTYPE,16,16>/Fifo<IDTYPE,11>/input     0:7 00000000-00000000 (0-0) 
      
    Resource Name: /SystolicArrayCore<IDTYPE,WDTYPE,ODTYPE,16,16>/Fifo<IDTYPE,11>/output:rsc
      Memory Component: mgc_out_dreg                 Size:         1 x 8
      External:         true                         Packing Mode: sidebyside
      Memory Map:
      Variable                                                              Indices Phys Memory Address     
      --------------------------------------------------------------------- ------- -----------------------
      /SystolicArrayCore<IDTYPE,WDTYPE,ODTYPE,16,16>/Fifo<IDTYPE,11>/output     0:7 00000000-00000000 (0-0) 
      
    Resource Name: /SystolicArrayCore<IDTYPE,WDTYPE,ODTYPE,16,16>/Fifo<IDTYPE,11>/ccs_ccore_start:rsc
      Memory Component: ccs_in                       Size:         1 x 1
      External:         true                         Packing Mode: sidebyside
      Memory Map:
      Variable                                                                       Indices Phys Memory Address     
      ------------------------------------------------------------------------------ ------- -----------------------
      /SystolicArrayCore<IDTYPE,WDTYPE,ODTYPE,16,16>/Fifo<IDTYPE,11>/ccs_ccore_start     0:0 00000000-00000000 (0-0) 
      
    Resource Name: /SystolicArrayCore<IDTYPE,WDTYPE,ODTYPE,16,16>/Fifo<IDTYPE,12>/input:rsc
      Memory Component: ccs_in                       Size:         1 x 8
      External:         true                         Packing Mode: sidebyside
      Memory Map:
      Variable                                                             Indices Phys Memory Address     
      -------------------------------------------------------------------- ------- -----------------------
      /SystolicArrayCore<IDTYPE,WDTYPE,ODTYPE,16,16>/Fifo<IDTYPE,12>/input     0:7 00000000-00000000 (0-0) 
      
    Resource Name: /SystolicArrayCore<IDTYPE,WDTYPE,ODTYPE,16,16>/Fifo<IDTYPE,12>/output:rsc
      Memory Component: mgc_out_dreg                 Size:         1 x 8
      External:         true                         Packing Mode: sidebyside
      Memory Map:
      Variable                                                              Indices Phys Memory Address     
      --------------------------------------------------------------------- ------- -----------------------
      /SystolicArrayCore<IDTYPE,WDTYPE,ODTYPE,16,16>/Fifo<IDTYPE,12>/output     0:7 00000000-00000000 (0-0) 
      
    Resource Name: /SystolicArrayCore<IDTYPE,WDTYPE,ODTYPE,16,16>/Fifo<IDTYPE,12>/ccs_ccore_start:rsc
      Memory Component: ccs_in                       Size:         1 x 1
      External:         true                         Packing Mode: sidebyside
      Memory Map:
      Variable                                                                       Indices Phys Memory Address     
      ------------------------------------------------------------------------------ ------- -----------------------
      /SystolicArrayCore<IDTYPE,WDTYPE,ODTYPE,16,16>/Fifo<IDTYPE,12>/ccs_ccore_start     0:0 00000000-00000000 (0-0) 
      
    Resource Name: /SystolicArrayCore<IDTYPE,WDTYPE,ODTYPE,16,16>/Fifo<IDTYPE,13>/input:rsc
      Memory Component: ccs_in                       Size:         1 x 8
      External:         true                         Packing Mode: sidebyside
      Memory Map:
      Variable                                                             Indices Phys Memory Address     
      -------------------------------------------------------------------- ------- -----------------------
      /SystolicArrayCore<IDTYPE,WDTYPE,ODTYPE,16,16>/Fifo<IDTYPE,13>/input     0:7 00000000-00000000 (0-0) 
      
    Resource Name: /SystolicArrayCore<IDTYPE,WDTYPE,ODTYPE,16,16>/Fifo<IDTYPE,13>/output:rsc
      Memory Component: mgc_out_dreg                 Size:         1 x 8
      External:         true                         Packing Mode: sidebyside
      Memory Map:
      Variable                                                              Indices Phys Memory Address     
      --------------------------------------------------------------------- ------- -----------------------
      /SystolicArrayCore<IDTYPE,WDTYPE,ODTYPE,16,16>/Fifo<IDTYPE,13>/output     0:7 00000000-00000000 (0-0) 
      
    Resource Name: /SystolicArrayCore<IDTYPE,WDTYPE,ODTYPE,16,16>/Fifo<IDTYPE,13>/ccs_ccore_start:rsc
      Memory Component: ccs_in                       Size:         1 x 1
      External:         true                         Packing Mode: sidebyside
      Memory Map:
      Variable                                                                       Indices Phys Memory Address     
      ------------------------------------------------------------------------------ ------- -----------------------
      /SystolicArrayCore<IDTYPE,WDTYPE,ODTYPE,16,16>/Fifo<IDTYPE,13>/ccs_ccore_start     0:0 00000000-00000000 (0-0) 
      
    Resource Name: /SystolicArrayCore<IDTYPE,WDTYPE,ODTYPE,16,16>/Fifo<IDTYPE,14>/input:rsc
      Memory Component: ccs_in                       Size:         1 x 8
      External:         true                         Packing Mode: sidebyside
      Memory Map:
      Variable                                                             Indices Phys Memory Address     
      -------------------------------------------------------------------- ------- -----------------------
      /SystolicArrayCore<IDTYPE,WDTYPE,ODTYPE,16,16>/Fifo<IDTYPE,14>/input     0:7 00000000-00000000 (0-0) 
      
    Resource Name: /SystolicArrayCore<IDTYPE,WDTYPE,ODTYPE,16,16>/Fifo<IDTYPE,14>/output:rsc
      Memory Component: mgc_out_dreg                 Size:         1 x 8
      External:         true                         Packing Mode: sidebyside
      Memory Map:
      Variable                                                              Indices Phys Memory Address     
      --------------------------------------------------------------------- ------- -----------------------
      /SystolicArrayCore<IDTYPE,WDTYPE,ODTYPE,16,16>/Fifo<IDTYPE,14>/output     0:7 00000000-00000000 (0-0) 
      
    Resource Name: /SystolicArrayCore<IDTYPE,WDTYPE,ODTYPE,16,16>/Fifo<IDTYPE,14>/ccs_ccore_start:rsc
      Memory Component: ccs_in                       Size:         1 x 1
      External:         true                         Packing Mode: sidebyside
      Memory Map:
      Variable                                                                       Indices Phys Memory Address     
      ------------------------------------------------------------------------------ ------- -----------------------
      /SystolicArrayCore<IDTYPE,WDTYPE,ODTYPE,16,16>/Fifo<IDTYPE,14>/ccs_ccore_start     0:0 00000000-00000000 (0-0) 
      
    Resource Name: /SystolicArrayCore<IDTYPE,WDTYPE,ODTYPE,16,16>/Fifo<IDTYPE,15>/input:rsc
      Memory Component: ccs_in                       Size:         1 x 8
      External:         true                         Packing Mode: sidebyside
      Memory Map:
      Variable                                                             Indices Phys Memory Address     
      -------------------------------------------------------------------- ------- -----------------------
      /SystolicArrayCore<IDTYPE,WDTYPE,ODTYPE,16,16>/Fifo<IDTYPE,15>/input     0:7 00000000-00000000 (0-0) 
      
    Resource Name: /SystolicArrayCore<IDTYPE,WDTYPE,ODTYPE,16,16>/Fifo<IDTYPE,15>/output:rsc
      Memory Component: mgc_out_dreg                 Size:         1 x 8
      External:         true                         Packing Mode: sidebyside
      Memory Map:
      Variable                                                              Indices Phys Memory Address     
      --------------------------------------------------------------------- ------- -----------------------
      /SystolicArrayCore<IDTYPE,WDTYPE,ODTYPE,16,16>/Fifo<IDTYPE,15>/output     0:7 00000000-00000000 (0-0) 
      
    Resource Name: /SystolicArrayCore<IDTYPE,WDTYPE,ODTYPE,16,16>/Fifo<IDTYPE,15>/ccs_ccore_start:rsc
      Memory Component: ccs_in                       Size:         1 x 1
      External:         true                         Packing Mode: sidebyside
      Memory Map:
      Variable                                                                       Indices Phys Memory Address     
      ------------------------------------------------------------------------------ ------- -----------------------
      /SystolicArrayCore<IDTYPE,WDTYPE,ODTYPE,16,16>/Fifo<IDTYPE,15>/ccs_ccore_start     0:0 00000000-00000000 (0-0) 
      
    Resource Name: /SystolicArrayCore<IDTYPE,WDTYPE,ODTYPE,16,16>/Fifo<IDTYPE,16>/input:rsc
      Memory Component: ccs_in                       Size:         1 x 8
      External:         true                         Packing Mode: sidebyside
      Memory Map:
      Variable                                                             Indices Phys Memory Address     
      -------------------------------------------------------------------- ------- -----------------------
      /SystolicArrayCore<IDTYPE,WDTYPE,ODTYPE,16,16>/Fifo<IDTYPE,16>/input     0:7 00000000-00000000 (0-0) 
      
    Resource Name: /SystolicArrayCore<IDTYPE,WDTYPE,ODTYPE,16,16>/Fifo<IDTYPE,16>/output:rsc
      Memory Component: mgc_out_dreg                 Size:         1 x 8
      External:         true                         Packing Mode: sidebyside
      Memory Map:
      Variable                                                              Indices Phys Memory Address     
      --------------------------------------------------------------------- ------- -----------------------
      /SystolicArrayCore<IDTYPE,WDTYPE,ODTYPE,16,16>/Fifo<IDTYPE,16>/output     0:7 00000000-00000000 (0-0) 
      
    Resource Name: /SystolicArrayCore<IDTYPE,WDTYPE,ODTYPE,16,16>/Fifo<IDTYPE,16>/ccs_ccore_start:rsc
      Memory Component: ccs_in                       Size:         1 x 1
      External:         true                         Packing Mode: sidebyside
      Memory Map:
      Variable                                                                       Indices Phys Memory Address     
      ------------------------------------------------------------------------------ ------- -----------------------
      /SystolicArrayCore<IDTYPE,WDTYPE,ODTYPE,16,16>/Fifo<IDTYPE,16>/ccs_ccore_start     0:0 00000000-00000000 (0-0) 
      
    Resource Name: /SystolicArrayCore<IDTYPE,WDTYPE,ODTYPE,16,16>/Fifo<ODTYPE,1>/input:rsc
      Memory Component: ccs_in                       Size:         1 x 16
      External:         true                         Packing Mode: sidebyside
      Memory Map:
      Variable                                                            Indices Phys Memory Address     
      ------------------------------------------------------------------- ------- -----------------------
      /SystolicArrayCore<IDTYPE,WDTYPE,ODTYPE,16,16>/Fifo<ODTYPE,1>/input    0:15 00000000-00000000 (0-0) 
      
    Resource Name: /SystolicArrayCore<IDTYPE,WDTYPE,ODTYPE,16,16>/Fifo<ODTYPE,1>/output:rsc
      Memory Component: mgc_out_dreg                 Size:         1 x 16
      External:         true                         Packing Mode: sidebyside
      Memory Map:
      Variable                                                             Indices Phys Memory Address     
      -------------------------------------------------------------------- ------- -----------------------
      /SystolicArrayCore<IDTYPE,WDTYPE,ODTYPE,16,16>/Fifo<ODTYPE,1>/output    0:15 00000000-00000000 (0-0) 
      
    Resource Name: /SystolicArrayCore<IDTYPE,WDTYPE,ODTYPE,16,16>/Fifo<ODTYPE,1>/ccs_ccore_start:rsc
      Memory Component: ccs_in                       Size:         1 x 1
      External:         true                         Packing Mode: sidebyside
      Memory Map:
      Variable                                                                      Indices Phys Memory Address     
      ----------------------------------------------------------------------------- ------- -----------------------
      /SystolicArrayCore<IDTYPE,WDTYPE,ODTYPE,16,16>/Fifo<ODTYPE,1>/ccs_ccore_start     0:0 00000000-00000000 (0-0) 
      
    Resource Name: /SystolicArrayCore<IDTYPE,WDTYPE,ODTYPE,16,16>/Fifo<ODTYPE,2>/input:rsc
      Memory Component: ccs_in                       Size:         1 x 16
      External:         true                         Packing Mode: sidebyside
      Memory Map:
      Variable                                                            Indices Phys Memory Address     
      ------------------------------------------------------------------- ------- -----------------------
      /SystolicArrayCore<IDTYPE,WDTYPE,ODTYPE,16,16>/Fifo<ODTYPE,2>/input    0:15 00000000-00000000 (0-0) 
      
    Resource Name: /SystolicArrayCore<IDTYPE,WDTYPE,ODTYPE,16,16>/Fifo<ODTYPE,2>/output:rsc
      Memory Component: mgc_out_dreg                 Size:         1 x 16
      External:         true                         Packing Mode: sidebyside
      Memory Map:
      Variable                                                             Indices Phys Memory Address     
      -------------------------------------------------------------------- ------- -----------------------
      /SystolicArrayCore<IDTYPE,WDTYPE,ODTYPE,16,16>/Fifo<ODTYPE,2>/output    0:15 00000000-00000000 (0-0) 
      
    Resource Name: /SystolicArrayCore<IDTYPE,WDTYPE,ODTYPE,16,16>/Fifo<ODTYPE,2>/ccs_ccore_start:rsc
      Memory Component: ccs_in                       Size:         1 x 1
      External:         true                         Packing Mode: sidebyside
      Memory Map:
      Variable                                                                      Indices Phys Memory Address     
      ----------------------------------------------------------------------------- ------- -----------------------
      /SystolicArrayCore<IDTYPE,WDTYPE,ODTYPE,16,16>/Fifo<ODTYPE,2>/ccs_ccore_start     0:0 00000000-00000000 (0-0) 
      
    Resource Name: /SystolicArrayCore<IDTYPE,WDTYPE,ODTYPE,16,16>/Fifo<ODTYPE,3>/input:rsc
      Memory Component: ccs_in                       Size:         1 x 16
      External:         true                         Packing Mode: sidebyside
      Memory Map:
      Variable                                                            Indices Phys Memory Address     
      ------------------------------------------------------------------- ------- -----------------------
      /SystolicArrayCore<IDTYPE,WDTYPE,ODTYPE,16,16>/Fifo<ODTYPE,3>/input    0:15 00000000-00000000 (0-0) 
      
    Resource Name: /SystolicArrayCore<IDTYPE,WDTYPE,ODTYPE,16,16>/Fifo<ODTYPE,3>/output:rsc
      Memory Component: mgc_out_dreg                 Size:         1 x 16
      External:         true                         Packing Mode: sidebyside
      Memory Map:
      Variable                                                             Indices Phys Memory Address     
      -------------------------------------------------------------------- ------- -----------------------
      /SystolicArrayCore<IDTYPE,WDTYPE,ODTYPE,16,16>/Fifo<ODTYPE,3>/output    0:15 00000000-00000000 (0-0) 
      
    Resource Name: /SystolicArrayCore<IDTYPE,WDTYPE,ODTYPE,16,16>/Fifo<ODTYPE,3>/ccs_ccore_start:rsc
      Memory Component: ccs_in                       Size:         1 x 1
      External:         true                         Packing Mode: sidebyside
      Memory Map:
      Variable                                                                      Indices Phys Memory Address     
      ----------------------------------------------------------------------------- ------- -----------------------
      /SystolicArrayCore<IDTYPE,WDTYPE,ODTYPE,16,16>/Fifo<ODTYPE,3>/ccs_ccore_start     0:0 00000000-00000000 (0-0) 
      
    Resource Name: /SystolicArrayCore<IDTYPE,WDTYPE,ODTYPE,16,16>/Fifo<ODTYPE,4>/input:rsc
      Memory Component: ccs_in                       Size:         1 x 16
      External:         true                         Packing Mode: sidebyside
      Memory Map:
      Variable                                                            Indices Phys Memory Address     
      ------------------------------------------------------------------- ------- -----------------------
      /SystolicArrayCore<IDTYPE,WDTYPE,ODTYPE,16,16>/Fifo<ODTYPE,4>/input    0:15 00000000-00000000 (0-0) 
      
    Resource Name: /SystolicArrayCore<IDTYPE,WDTYPE,ODTYPE,16,16>/Fifo<ODTYPE,4>/output:rsc
      Memory Component: mgc_out_dreg                 Size:         1 x 16
      External:         true                         Packing Mode: sidebyside
      Memory Map:
      Variable                                                             Indices Phys Memory Address     
      -------------------------------------------------------------------- ------- -----------------------
      /SystolicArrayCore<IDTYPE,WDTYPE,ODTYPE,16,16>/Fifo<ODTYPE,4>/output    0:15 00000000-00000000 (0-0) 
      
    Resource Name: /SystolicArrayCore<IDTYPE,WDTYPE,ODTYPE,16,16>/Fifo<ODTYPE,4>/ccs_ccore_start:rsc
      Memory Component: ccs_in                       Size:         1 x 1
      External:         true                         Packing Mode: sidebyside
      Memory Map:
      Variable                                                                      Indices Phys Memory Address     
      ----------------------------------------------------------------------------- ------- -----------------------
      /SystolicArrayCore<IDTYPE,WDTYPE,ODTYPE,16,16>/Fifo<ODTYPE,4>/ccs_ccore_start     0:0 00000000-00000000 (0-0) 
      
    Resource Name: /SystolicArrayCore<IDTYPE,WDTYPE,ODTYPE,16,16>/Fifo<ODTYPE,5>/input:rsc
      Memory Component: ccs_in                       Size:         1 x 16
      External:         true                         Packing Mode: sidebyside
      Memory Map:
      Variable                                                            Indices Phys Memory Address     
      ------------------------------------------------------------------- ------- -----------------------
      /SystolicArrayCore<IDTYPE,WDTYPE,ODTYPE,16,16>/Fifo<ODTYPE,5>/input    0:15 00000000-00000000 (0-0) 
      
    Resource Name: /SystolicArrayCore<IDTYPE,WDTYPE,ODTYPE,16,16>/Fifo<ODTYPE,5>/output:rsc
      Memory Component: mgc_out_dreg                 Size:         1 x 16
      External:         true                         Packing Mode: sidebyside
      Memory Map:
      Variable                                                             Indices Phys Memory Address     
      -------------------------------------------------------------------- ------- -----------------------
      /SystolicArrayCore<IDTYPE,WDTYPE,ODTYPE,16,16>/Fifo<ODTYPE,5>/output    0:15 00000000-00000000 (0-0) 
      
    Resource Name: /SystolicArrayCore<IDTYPE,WDTYPE,ODTYPE,16,16>/Fifo<ODTYPE,5>/ccs_ccore_start:rsc
      Memory Component: ccs_in                       Size:         1 x 1
      External:         true                         Packing Mode: sidebyside
      Memory Map:
      Variable                                                                      Indices Phys Memory Address     
      ----------------------------------------------------------------------------- ------- -----------------------
      /SystolicArrayCore<IDTYPE,WDTYPE,ODTYPE,16,16>/Fifo<ODTYPE,5>/ccs_ccore_start     0:0 00000000-00000000 (0-0) 
      
    Resource Name: /SystolicArrayCore<IDTYPE,WDTYPE,ODTYPE,16,16>/Fifo<ODTYPE,6>/input:rsc
      Memory Component: ccs_in                       Size:         1 x 16
      External:         true                         Packing Mode: sidebyside
      Memory Map:
      Variable                                                            Indices Phys Memory Address     
      ------------------------------------------------------------------- ------- -----------------------
      /SystolicArrayCore<IDTYPE,WDTYPE,ODTYPE,16,16>/Fifo<ODTYPE,6>/input    0:15 00000000-00000000 (0-0) 
      
    Resource Name: /SystolicArrayCore<IDTYPE,WDTYPE,ODTYPE,16,16>/Fifo<ODTYPE,6>/output:rsc
      Memory Component: mgc_out_dreg                 Size:         1 x 16
      External:         true                         Packing Mode: sidebyside
      Memory Map:
      Variable                                                             Indices Phys Memory Address     
      -------------------------------------------------------------------- ------- -----------------------
      /SystolicArrayCore<IDTYPE,WDTYPE,ODTYPE,16,16>/Fifo<ODTYPE,6>/output    0:15 00000000-00000000 (0-0) 
      
    Resource Name: /SystolicArrayCore<IDTYPE,WDTYPE,ODTYPE,16,16>/Fifo<ODTYPE,6>/ccs_ccore_start:rsc
      Memory Component: ccs_in                       Size:         1 x 1
      External:         true                         Packing Mode: sidebyside
      Memory Map:
      Variable                                                                      Indices Phys Memory Address     
      ----------------------------------------------------------------------------- ------- -----------------------
      /SystolicArrayCore<IDTYPE,WDTYPE,ODTYPE,16,16>/Fifo<ODTYPE,6>/ccs_ccore_start     0:0 00000000-00000000 (0-0) 
      
    Resource Name: /SystolicArrayCore<IDTYPE,WDTYPE,ODTYPE,16,16>/Fifo<ODTYPE,7>/input:rsc
      Memory Component: ccs_in                       Size:         1 x 16
      External:         true                         Packing Mode: sidebyside
      Memory Map:
      Variable                                                            Indices Phys Memory Address     
      ------------------------------------------------------------------- ------- -----------------------
      /SystolicArrayCore<IDTYPE,WDTYPE,ODTYPE,16,16>/Fifo<ODTYPE,7>/input    0:15 00000000-00000000 (0-0) 
      
    Resource Name: /SystolicArrayCore<IDTYPE,WDTYPE,ODTYPE,16,16>/Fifo<ODTYPE,7>/output:rsc
      Memory Component: mgc_out_dreg                 Size:         1 x 16
      External:         true                         Packing Mode: sidebyside
      Memory Map:
      Variable                                                             Indices Phys Memory Address     
      -------------------------------------------------------------------- ------- -----------------------
      /SystolicArrayCore<IDTYPE,WDTYPE,ODTYPE,16,16>/Fifo<ODTYPE,7>/output    0:15 00000000-00000000 (0-0) 
      
    Resource Name: /SystolicArrayCore<IDTYPE,WDTYPE,ODTYPE,16,16>/Fifo<ODTYPE,7>/ccs_ccore_start:rsc
      Memory Component: ccs_in                       Size:         1 x 1
      External:         true                         Packing Mode: sidebyside
      Memory Map:
      Variable                                                                      Indices Phys Memory Address     
      ----------------------------------------------------------------------------- ------- -----------------------
      /SystolicArrayCore<IDTYPE,WDTYPE,ODTYPE,16,16>/Fifo<ODTYPE,7>/ccs_ccore_start     0:0 00000000-00000000 (0-0) 
      
    Resource Name: /SystolicArrayCore<IDTYPE,WDTYPE,ODTYPE,16,16>/Fifo<ODTYPE,8>/input:rsc
      Memory Component: ccs_in                       Size:         1 x 16
      External:         true                         Packing Mode: sidebyside
      Memory Map:
      Variable                                                            Indices Phys Memory Address     
      ------------------------------------------------------------------- ------- -----------------------
      /SystolicArrayCore<IDTYPE,WDTYPE,ODTYPE,16,16>/Fifo<ODTYPE,8>/input    0:15 00000000-00000000 (0-0) 
      
    Resource Name: /SystolicArrayCore<IDTYPE,WDTYPE,ODTYPE,16,16>/Fifo<ODTYPE,8>/output:rsc
      Memory Component: mgc_out_dreg                 Size:         1 x 16
      External:         true                         Packing Mode: sidebyside
      Memory Map:
      Variable                                                             Indices Phys Memory Address     
      -------------------------------------------------------------------- ------- -----------------------
      /SystolicArrayCore<IDTYPE,WDTYPE,ODTYPE,16,16>/Fifo<ODTYPE,8>/output    0:15 00000000-00000000 (0-0) 
      
    Resource Name: /SystolicArrayCore<IDTYPE,WDTYPE,ODTYPE,16,16>/Fifo<ODTYPE,8>/ccs_ccore_start:rsc
      Memory Component: ccs_in                       Size:         1 x 1
      External:         true                         Packing Mode: sidebyside
      Memory Map:
      Variable                                                                      Indices Phys Memory Address     
      ----------------------------------------------------------------------------- ------- -----------------------
      /SystolicArrayCore<IDTYPE,WDTYPE,ODTYPE,16,16>/Fifo<ODTYPE,8>/ccs_ccore_start     0:0 00000000-00000000 (0-0) 
      
    Resource Name: /SystolicArrayCore<IDTYPE,WDTYPE,ODTYPE,16,16>/Fifo<ODTYPE,9>/input:rsc
      Memory Component: ccs_in                       Size:         1 x 16
      External:         true                         Packing Mode: sidebyside
      Memory Map:
      Variable                                                            Indices Phys Memory Address     
      ------------------------------------------------------------------- ------- -----------------------
      /SystolicArrayCore<IDTYPE,WDTYPE,ODTYPE,16,16>/Fifo<ODTYPE,9>/input    0:15 00000000-00000000 (0-0) 
      
    Resource Name: /SystolicArrayCore<IDTYPE,WDTYPE,ODTYPE,16,16>/Fifo<ODTYPE,9>/output:rsc
      Memory Component: mgc_out_dreg                 Size:         1 x 16
      External:         true                         Packing Mode: sidebyside
      Memory Map:
      Variable                                                             Indices Phys Memory Address     
      -------------------------------------------------------------------- ------- -----------------------
      /SystolicArrayCore<IDTYPE,WDTYPE,ODTYPE,16,16>/Fifo<ODTYPE,9>/output    0:15 00000000-00000000 (0-0) 
      
    Resource Name: /SystolicArrayCore<IDTYPE,WDTYPE,ODTYPE,16,16>/Fifo<ODTYPE,9>/ccs_ccore_start:rsc
      Memory Component: ccs_in                       Size:         1 x 1
      External:         true                         Packing Mode: sidebyside
      Memory Map:
      Variable                                                                      Indices Phys Memory Address     
      ----------------------------------------------------------------------------- ------- -----------------------
      /SystolicArrayCore<IDTYPE,WDTYPE,ODTYPE,16,16>/Fifo<ODTYPE,9>/ccs_ccore_start     0:0 00000000-00000000 (0-0) 
      
    Resource Name: /SystolicArrayCore<IDTYPE,WDTYPE,ODTYPE,16,16>/Fifo<ODTYPE,10>/input:rsc
      Memory Component: ccs_in                       Size:         1 x 16
      External:         true                         Packing Mode: sidebyside
      Memory Map:
      Variable                                                             Indices Phys Memory Address     
      -------------------------------------------------------------------- ------- -----------------------
      /SystolicArrayCore<IDTYPE,WDTYPE,ODTYPE,16,16>/Fifo<ODTYPE,10>/input    0:15 00000000-00000000 (0-0) 
      
    Resource Name: /SystolicArrayCore<IDTYPE,WDTYPE,ODTYPE,16,16>/Fifo<ODTYPE,10>/output:rsc
      Memory Component: mgc_out_dreg                 Size:         1 x 16
      External:         true                         Packing Mode: sidebyside
      Memory Map:
      Variable                                                              Indices Phys Memory Address     
      --------------------------------------------------------------------- ------- -----------------------
      /SystolicArrayCore<IDTYPE,WDTYPE,ODTYPE,16,16>/Fifo<ODTYPE,10>/output    0:15 00000000-00000000 (0-0) 
      
    Resource Name: /SystolicArrayCore<IDTYPE,WDTYPE,ODTYPE,16,16>/Fifo<ODTYPE,10>/ccs_ccore_start:rsc
      Memory Component: ccs_in                       Size:         1 x 1
      External:         true                         Packing Mode: sidebyside
      Memory Map:
      Variable                                                                       Indices Phys Memory Address     
      ------------------------------------------------------------------------------ ------- -----------------------
      /SystolicArrayCore<IDTYPE,WDTYPE,ODTYPE,16,16>/Fifo<ODTYPE,10>/ccs_ccore_start     0:0 00000000-00000000 (0-0) 
      
    Resource Name: /SystolicArrayCore<IDTYPE,WDTYPE,ODTYPE,16,16>/Fifo<ODTYPE,11>/input:rsc
      Memory Component: ccs_in                       Size:         1 x 16
      External:         true                         Packing Mode: sidebyside
      Memory Map:
      Variable                                                             Indices Phys Memory Address     
      -------------------------------------------------------------------- ------- -----------------------
      /SystolicArrayCore<IDTYPE,WDTYPE,ODTYPE,16,16>/Fifo<ODTYPE,11>/input    0:15 00000000-00000000 (0-0) 
      
    Resource Name: /SystolicArrayCore<IDTYPE,WDTYPE,ODTYPE,16,16>/Fifo<ODTYPE,11>/output:rsc
      Memory Component: mgc_out_dreg                 Size:         1 x 16
      External:         true                         Packing Mode: sidebyside
      Memory Map:
      Variable                                                              Indices Phys Memory Address     
      --------------------------------------------------------------------- ------- -----------------------
      /SystolicArrayCore<IDTYPE,WDTYPE,ODTYPE,16,16>/Fifo<ODTYPE,11>/output    0:15 00000000-00000000 (0-0) 
      
    Resource Name: /SystolicArrayCore<IDTYPE,WDTYPE,ODTYPE,16,16>/Fifo<ODTYPE,11>/ccs_ccore_start:rsc
      Memory Component: ccs_in                       Size:         1 x 1
      External:         true                         Packing Mode: sidebyside
      Memory Map:
      Variable                                                                       Indices Phys Memory Address     
      ------------------------------------------------------------------------------ ------- -----------------------
      /SystolicArrayCore<IDTYPE,WDTYPE,ODTYPE,16,16>/Fifo<ODTYPE,11>/ccs_ccore_start     0:0 00000000-00000000 (0-0) 
      
    Resource Name: /SystolicArrayCore<IDTYPE,WDTYPE,ODTYPE,16,16>/Fifo<ODTYPE,12>/input:rsc
      Memory Component: ccs_in                       Size:         1 x 16
      External:         true                         Packing Mode: sidebyside
      Memory Map:
      Variable                                                             Indices Phys Memory Address     
      -------------------------------------------------------------------- ------- -----------------------
      /SystolicArrayCore<IDTYPE,WDTYPE,ODTYPE,16,16>/Fifo<ODTYPE,12>/input    0:15 00000000-00000000 (0-0) 
      
    Resource Name: /SystolicArrayCore<IDTYPE,WDTYPE,ODTYPE,16,16>/Fifo<ODTYPE,12>/output:rsc
      Memory Component: mgc_out_dreg                 Size:         1 x 16
      External:         true                         Packing Mode: sidebyside
      Memory Map:
      Variable                                                              Indices Phys Memory Address     
      --------------------------------------------------------------------- ------- -----------------------
      /SystolicArrayCore<IDTYPE,WDTYPE,ODTYPE,16,16>/Fifo<ODTYPE,12>/output    0:15 00000000-00000000 (0-0) 
      
    Resource Name: /SystolicArrayCore<IDTYPE,WDTYPE,ODTYPE,16,16>/Fifo<ODTYPE,12>/ccs_ccore_start:rsc
      Memory Component: ccs_in                       Size:         1 x 1
      External:         true                         Packing Mode: sidebyside
      Memory Map:
      Variable                                                                       Indices Phys Memory Address     
      ------------------------------------------------------------------------------ ------- -----------------------
      /SystolicArrayCore<IDTYPE,WDTYPE,ODTYPE,16,16>/Fifo<ODTYPE,12>/ccs_ccore_start     0:0 00000000-00000000 (0-0) 
      
    Resource Name: /SystolicArrayCore<IDTYPE,WDTYPE,ODTYPE,16,16>/Fifo<ODTYPE,13>/input:rsc
      Memory Component: ccs_in                       Size:         1 x 16
      External:         true                         Packing Mode: sidebyside
      Memory Map:
      Variable                                                             Indices Phys Memory Address     
      -------------------------------------------------------------------- ------- -----------------------
      /SystolicArrayCore<IDTYPE,WDTYPE,ODTYPE,16,16>/Fifo<ODTYPE,13>/input    0:15 00000000-00000000 (0-0) 
      
    Resource Name: /SystolicArrayCore<IDTYPE,WDTYPE,ODTYPE,16,16>/Fifo<ODTYPE,13>/output:rsc
      Memory Component: mgc_out_dreg                 Size:         1 x 16
      External:         true                         Packing Mode: sidebyside
      Memory Map:
      Variable                                                              Indices Phys Memory Address     
      --------------------------------------------------------------------- ------- -----------------------
      /SystolicArrayCore<IDTYPE,WDTYPE,ODTYPE,16,16>/Fifo<ODTYPE,13>/output    0:15 00000000-00000000 (0-0) 
      
    Resource Name: /SystolicArrayCore<IDTYPE,WDTYPE,ODTYPE,16,16>/Fifo<ODTYPE,13>/ccs_ccore_start:rsc
      Memory Component: ccs_in                       Size:         1 x 1
      External:         true                         Packing Mode: sidebyside
      Memory Map:
      Variable                                                                       Indices Phys Memory Address     
      ------------------------------------------------------------------------------ ------- -----------------------
      /SystolicArrayCore<IDTYPE,WDTYPE,ODTYPE,16,16>/Fifo<ODTYPE,13>/ccs_ccore_start     0:0 00000000-00000000 (0-0) 
      
    Resource Name: /SystolicArrayCore<IDTYPE,WDTYPE,ODTYPE,16,16>/Fifo<ODTYPE,14>/input:rsc
      Memory Component: ccs_in                       Size:         1 x 16
      External:         true                         Packing Mode: sidebyside
      Memory Map:
      Variable                                                             Indices Phys Memory Address     
      -------------------------------------------------------------------- ------- -----------------------
      /SystolicArrayCore<IDTYPE,WDTYPE,ODTYPE,16,16>/Fifo<ODTYPE,14>/input    0:15 00000000-00000000 (0-0) 
      
    Resource Name: /SystolicArrayCore<IDTYPE,WDTYPE,ODTYPE,16,16>/Fifo<ODTYPE,14>/output:rsc
      Memory Component: mgc_out_dreg                 Size:         1 x 16
      External:         true                         Packing Mode: sidebyside
      Memory Map:
      Variable                                                              Indices Phys Memory Address     
      --------------------------------------------------------------------- ------- -----------------------
      /SystolicArrayCore<IDTYPE,WDTYPE,ODTYPE,16,16>/Fifo<ODTYPE,14>/output    0:15 00000000-00000000 (0-0) 
      
    Resource Name: /SystolicArrayCore<IDTYPE,WDTYPE,ODTYPE,16,16>/Fifo<ODTYPE,14>/ccs_ccore_start:rsc
      Memory Component: ccs_in                       Size:         1 x 1
      External:         true                         Packing Mode: sidebyside
      Memory Map:
      Variable                                                                       Indices Phys Memory Address     
      ------------------------------------------------------------------------------ ------- -----------------------
      /SystolicArrayCore<IDTYPE,WDTYPE,ODTYPE,16,16>/Fifo<ODTYPE,14>/ccs_ccore_start     0:0 00000000-00000000 (0-0) 
      
    Resource Name: /SystolicArrayCore<IDTYPE,WDTYPE,ODTYPE,16,16>/Fifo<ODTYPE,15>/input:rsc
      Memory Component: ccs_in                       Size:         1 x 16
      External:         true                         Packing Mode: sidebyside
      Memory Map:
      Variable                                                             Indices Phys Memory Address     
      -------------------------------------------------------------------- ------- -----------------------
      /SystolicArrayCore<IDTYPE,WDTYPE,ODTYPE,16,16>/Fifo<ODTYPE,15>/input    0:15 00000000-00000000 (0-0) 
      
    Resource Name: /SystolicArrayCore<IDTYPE,WDTYPE,ODTYPE,16,16>/Fifo<ODTYPE,15>/output:rsc
      Memory Component: mgc_out_dreg                 Size:         1 x 16
      External:         true                         Packing Mode: sidebyside
      Memory Map:
      Variable                                                              Indices Phys Memory Address     
      --------------------------------------------------------------------- ------- -----------------------
      /SystolicArrayCore<IDTYPE,WDTYPE,ODTYPE,16,16>/Fifo<ODTYPE,15>/output    0:15 00000000-00000000 (0-0) 
      
    Resource Name: /SystolicArrayCore<IDTYPE,WDTYPE,ODTYPE,16,16>/Fifo<ODTYPE,15>/ccs_ccore_start:rsc
      Memory Component: ccs_in                       Size:         1 x 1
      External:         true                         Packing Mode: sidebyside
      Memory Map:
      Variable                                                                       Indices Phys Memory Address     
      ------------------------------------------------------------------------------ ------- -----------------------
      /SystolicArrayCore<IDTYPE,WDTYPE,ODTYPE,16,16>/Fifo<ODTYPE,15>/ccs_ccore_start     0:0 00000000-00000000 (0-0) 
      
    Resource Name: /SystolicArrayCore<IDTYPE,WDTYPE,ODTYPE,16,16>/Fifo<ODTYPE,16>/input:rsc
      Memory Component: ccs_in                       Size:         1 x 16
      External:         true                         Packing Mode: sidebyside
      Memory Map:
      Variable                                                             Indices Phys Memory Address     
      -------------------------------------------------------------------- ------- -----------------------
      /SystolicArrayCore<IDTYPE,WDTYPE,ODTYPE,16,16>/Fifo<ODTYPE,16>/input    0:15 00000000-00000000 (0-0) 
      
    Resource Name: /SystolicArrayCore<IDTYPE,WDTYPE,ODTYPE,16,16>/Fifo<ODTYPE,16>/output:rsc
      Memory Component: mgc_out_dreg                 Size:         1 x 16
      External:         true                         Packing Mode: sidebyside
      Memory Map:
      Variable                                                              Indices Phys Memory Address     
      --------------------------------------------------------------------- ------- -----------------------
      /SystolicArrayCore<IDTYPE,WDTYPE,ODTYPE,16,16>/Fifo<ODTYPE,16>/output    0:15 00000000-00000000 (0-0) 
      
    Resource Name: /SystolicArrayCore<IDTYPE,WDTYPE,ODTYPE,16,16>/Fifo<ODTYPE,16>/ccs_ccore_start:rsc
      Memory Component: ccs_in                       Size:         1 x 1
      External:         true                         Packing Mode: sidebyside
      Memory Map:
      Variable                                                                       Indices Phys Memory Address     
      ------------------------------------------------------------------------------ ------- -----------------------
      /SystolicArrayCore<IDTYPE,WDTYPE,ODTYPE,16,16>/Fifo<ODTYPE,16>/ccs_ccore_start     0:0 00000000-00000000 (0-0) 
      
    Resource Name: /SystolicArrayCore<IDTYPE,WDTYPE,ODTYPE,16,16>/run/accum_buf:rsc
      Memory Component: ccs_ram_sync_1R1W            Size:         4096 x 16
      External:         false                        Packing Mode: absolute
      Memory Map:
      Variable                                                     Indices Phys Memory Address        
      ------------------------------------------------------------ ------- --------------------------
      /SystolicArrayCore<IDTYPE,WDTYPE,ODTYPE,16,16>/run/accum_buf    0:15 00000fff-00000000 (4095-0) 
      
      Splitting: 
      Block                Original Addresses  
      -------------------- -------------------
      accum_buf:rsc(0)(0)    0, 16, ..., 4080  
      accum_buf:rsc(0)(1)    1, 17, ..., 4081  
      accum_buf:rsc(0)(2)    2, 18, ..., 4082  
      accum_buf:rsc(0)(3)    3, 19, ..., 4083  
      accum_buf:rsc(0)(4)    4, 20, ..., 4084  
      accum_buf:rsc(0)(5)    5, 21, ..., 4085  
      accum_buf:rsc(0)(6)    6, 22, ..., 4086  
      accum_buf:rsc(0)(7)    7, 23, ..., 4087  
      accum_buf:rsc(0)(8)    8, 24, ..., 4088  
      accum_buf:rsc(0)(9)    9, 25, ..., 4089  
      accum_buf:rsc(0)(10)   10, 26, ..., 4090 
      accum_buf:rsc(0)(11)   11, 27, ..., 4091 
      accum_buf:rsc(0)(12)   12, 28, ..., 4092 
      accum_buf:rsc(0)(13)   13, 29, ..., 4093 
      accum_buf:rsc(0)(14)   14, 30, ..., 4094 
      accum_buf:rsc(0)(15)   15, 31, ..., 4095 
      
    Resource Name: /SystolicArrayCore<IDTYPE,WDTYPE,ODTYPE,16,16>/run/weight_reg_array:rsc
      Memory Component: [Register]                   Size:         256 x 8
      External:         false                        Packing Mode: absolute
      Memory Map:
      Variable                                                            Indices Phys Memory Address       
      ------------------------------------------------------------------- ------- -------------------------
      /SystolicArrayCore<IDTYPE,WDTYPE,ODTYPE,16,16>/run/weight_reg_array     0:7 000000ff-00000000 (255-0) 
      
    Resource Name: /SystolicArrayCore<IDTYPE,WDTYPE,ODTYPE,16,16>/run/inputIn_reg_array:rsc
      Memory Component: [Register]                   Size:         289 x 8
      External:         false                        Packing Mode: absolute
      Memory Map:
      Variable                                                             Indices Phys Memory Address       
      -------------------------------------------------------------------- ------- -------------------------
      /SystolicArrayCore<IDTYPE,WDTYPE,ODTYPE,16,16>/run/inputIn_reg_array     0:7 00000120-00000000 (288-0) 
      
    Resource Name: /SystolicArrayCore<IDTYPE,WDTYPE,ODTYPE,16,16>/run/inputOut_reg_array:rsc
      Memory Component: [Register]                   Size:         289 x 8
      External:         false                        Packing Mode: absolute
      Memory Map:
      Variable                                                              Indices Phys Memory Address       
      --------------------------------------------------------------------- ------- -------------------------
      /SystolicArrayCore<IDTYPE,WDTYPE,ODTYPE,16,16>/run/inputOut_reg_array     0:7 00000120-00000000 (288-0) 
      
    Resource Name: /SystolicArrayCore<IDTYPE,WDTYPE,ODTYPE,16,16>/run/psumIn_reg_array:rsc
      Memory Component: [Register]                   Size:         289 x 16
      External:         false                        Packing Mode: absolute
      Memory Map:
      Variable                                                            Indices Phys Memory Address       
      ------------------------------------------------------------------- ------- -------------------------
      /SystolicArrayCore<IDTYPE,WDTYPE,ODTYPE,16,16>/run/psumIn_reg_array    0:15 00000120-00000000 (288-0) 
      
    Resource Name: /SystolicArrayCore<IDTYPE,WDTYPE,ODTYPE,16,16>/run/psumOut_reg_array:rsc
      Memory Component: [Register]                   Size:         289 x 16
      External:         false                        Packing Mode: absolute
      Memory Map:
      Variable                                                             Indices Phys Memory Address       
      -------------------------------------------------------------------- ------- -------------------------
      /SystolicArrayCore<IDTYPE,WDTYPE,ODTYPE,16,16>/run/psumOut_reg_array    0:15 00000120-00000000 (288-0) 
      
    Resource Name: /SystolicArrayCore<IDTYPE,WDTYPE,ODTYPE,16,16>/input:rsc
      Memory Component: ccs_in_wait                  Size:         1 x 128
      External:         true                         Packing Mode: sidebyside
      Memory Map:
      Variable                                             Indices Phys Memory Address     
      ---------------------------------------------------- ------- -----------------------
      /SystolicArrayCore<IDTYPE,WDTYPE,ODTYPE,16,16>/input   0:127 00000000-00000000 (0-0) 
      
    Resource Name: /SystolicArrayCore<IDTYPE,WDTYPE,ODTYPE,16,16>/weight:rsc
      Memory Component: ccs_in_wait                  Size:         1 x 128
      External:         true                         Packing Mode: sidebyside
      Memory Map:
      Variable                                              Indices Phys Memory Address     
      ----------------------------------------------------- ------- -----------------------
      /SystolicArrayCore<IDTYPE,WDTYPE,ODTYPE,16,16>/weight   0:127 00000000-00000000 (0-0) 
      
    Resource Name: /SystolicArrayCore<IDTYPE,WDTYPE,ODTYPE,16,16>/output:rsc
      Memory Component: ccs_out_wait                 Size:         1 x 256
      External:         true                         Packing Mode: sidebyside
      Memory Map:
      Variable                                              Indices Phys Memory Address     
      ----------------------------------------------------- ------- -----------------------
      /SystolicArrayCore<IDTYPE,WDTYPE,ODTYPE,16,16>/output   0:255 00000000-00000000 (0-0) 
      
    Resource Name: /SystolicArrayCore<IDTYPE,WDTYPE,ODTYPE,16,16>/paramsIn:rsc
      Memory Component: ccs_in_wait                  Size:         1 x 144
      External:         true                         Packing Mode: sidebyside
      Memory Map:
      Variable                                                Indices Phys Memory Address     
      ------------------------------------------------------- ------- -----------------------
      /SystolicArrayCore<IDTYPE,WDTYPE,ODTYPE,16,16>/paramsIn   0:143 00000000-00000000 (0-0) 
      
    Resource Name: /SystolicArrayCore<IDTYPE,WDTYPE,ODTYPE,16,16>/loopIndicesIn:rsc
      Memory Component: ccs_in_wait                  Size:         1 x 48
      External:         true                         Packing Mode: sidebyside
      Memory Map:
      Variable                                                     Indices Phys Memory Address     
      ------------------------------------------------------------ ------- -----------------------
      /SystolicArrayCore<IDTYPE,WDTYPE,ODTYPE,16,16>/loopIndicesIn    0:47 00000000-00000000 (0-0) 
      
  C++ to Interface Mappings
    C++ Field                                                            Interface Range              Range Expression                   Expression Limits 
    -------------------------------------------------------------------- ---------------------------- ---------------------------------- -----------------
    /SystolicArrayCore<IDTYPE,WDTYPE,ODTYPE,16,16>/input.chan.value[M]   input_rsc_dat[127:0]         input_rsc_dat[(M)*8+8-1:(M)*8]     M<16              
    /SystolicArrayCore<IDTYPE,WDTYPE,ODTYPE,16,16>/weight.chan.value[M]  weight_rsc_dat[127:0]        weight_rsc_dat[(M)*8+8-1:(M)*8]    M<16              
    /SystolicArrayCore<IDTYPE,WDTYPE,ODTYPE,16,16>/output.chan.value[M]  output_rsc_dat[255:0]        output_rsc_dat[(M)*16+16-1:(M)*16] M<16              
    /SystolicArrayCore<IDTYPE,WDTYPE,ODTYPE,16,16>/paramsIn.OY1          paramsIn_rsc_dat[15:0]                                                            
    /SystolicArrayCore<IDTYPE,WDTYPE,ODTYPE,16,16>/paramsIn.OX1          paramsIn_rsc_dat[31:16]                                                           
    /SystolicArrayCore<IDTYPE,WDTYPE,ODTYPE,16,16>/paramsIn.OY0          paramsIn_rsc_dat[47:32]                                                           
    /SystolicArrayCore<IDTYPE,WDTYPE,ODTYPE,16,16>/paramsIn.OX0          paramsIn_rsc_dat[63:48]                                                           
    /SystolicArrayCore<IDTYPE,WDTYPE,ODTYPE,16,16>/paramsIn.OC1          paramsIn_rsc_dat[79:64]                                                           
    /SystolicArrayCore<IDTYPE,WDTYPE,ODTYPE,16,16>/paramsIn.IC1          paramsIn_rsc_dat[95:80]                                                           
    /SystolicArrayCore<IDTYPE,WDTYPE,ODTYPE,16,16>/paramsIn.FX           paramsIn_rsc_dat[111:96]                                                          
    /SystolicArrayCore<IDTYPE,WDTYPE,ODTYPE,16,16>/paramsIn.FY           paramsIn_rsc_dat[127:112]                                                         
    /SystolicArrayCore<IDTYPE,WDTYPE,ODTYPE,16,16>/paramsIn.STRIDE       paramsIn_rsc_dat[143:128]                                                         
    /SystolicArrayCore<IDTYPE,WDTYPE,ODTYPE,16,16>/loopIndicesIn.ic1_idx loopIndicesIn_rsc_dat[15:0]                                                       
    /SystolicArrayCore<IDTYPE,WDTYPE,ODTYPE,16,16>/loopIndicesIn.fx_idx  loopIndicesIn_rsc_dat[31:16]                                                      
    /SystolicArrayCore<IDTYPE,WDTYPE,ODTYPE,16,16>/loopIndicesIn.fy_idx  loopIndicesIn_rsc_dat[47:32]                                                      
    
  Multi-Cycle (Combinational) Component Usage
    Instance Component Name Delay 
    -------- -------------- -----
    
  Loops
    Process                                            Loop             Iterations C-Steps Total Cycles  Duration  Unroll Init Comments 
    -------------------------------------------------- ---------------- ---------- ------- ------------- --------- ------ ---- --------
    /SystolicArrayCore<IDTYPE,WDTYPE,ODTYPE,16,16>/run run:rlp            Infinite       1          6 ?  30.00 ns                       
    /SystolicArrayCore<IDTYPE,WDTYPE,ODTYPE,16,16>/run  main              Infinite       5          5 ?  25.00 ns            1          
    
  Loop Execution Profile
    Process                                            Loop             Total Cycles % of Overall Design Cycles Throughput Cycles Comments 
    -------------------------------------------------- ---------------- ------------ -------------------------- ----------------- --------
    /SystolicArrayCore<IDTYPE,WDTYPE,ODTYPE,16,16>/run run:rlp                  1 ?                       16.67              1 ?           
    /SystolicArrayCore<IDTYPE,WDTYPE,ODTYPE,16,16>/run  main                    5 ?                       83.33              1 ?           
    
  End of Report
